{"/home/travis/build/npmtest/node-npmtest-awssum/test.js":{"path":"/home/travis/build/npmtest/node-npmtest-awssum/test.js","s":{"1":2,"2":2,"3":2,"4":2,"5":2,"6":2,"7":2,"8":1,"9":2,"10":2,"11":1,"12":1,"13":1,"14":1,"15":2,"16":2,"17":2,"18":2,"19":1,"20":1,"21":2,"22":2,"23":2,"24":1,"25":1,"26":1,"27":1,"28":1,"29":1,"30":1,"31":1,"32":1,"33":1,"34":1,"35":1,"36":1,"37":2,"38":2,"39":1,"40":2,"41":2,"42":1,"43":2,"44":2,"45":1,"46":2,"47":2,"48":1,"49":1,"50":1,"51":1,"52":1},"b":{"1":[2,1,1,1],"2":[1,1,1,1],"3":[1,1],"4":[1,1],"5":[1,1],"6":[1,1],"7":[1,1],"8":[1,1],"9":[1,1,1],"10":[1,1],"11":[1,1],"12":[1,1],"13":[1,1],"14":[1,1],"15":[1,1],"16":[1,1]},"f":{"1":2,"2":2,"3":2,"4":2,"5":2,"6":1,"7":1,"8":2,"9":2,"10":2,"11":2,"12":1},"fnMap":{"1":{"name":"(anonymous_1)","line":12,"loc":{"start":{"line":12,"column":1},"end":{"line":12,"column":13}}},"2":{"name":"(anonymous_2)","line":19,"loc":{"start":{"line":19,"column":5},"end":{"line":19,"column":17}}},"3":{"name":"(anonymous_3)","line":23,"loc":{"start":{"line":23,"column":24},"end":{"line":23,"column":36}}},"4":{"name":"(anonymous_4)","line":61,"loc":{"start":{"line":61,"column":5},"end":{"line":61,"column":17}}},"5":{"name":"(anonymous_5)","line":82,"loc":{"start":{"line":82,"column":5},"end":{"line":82,"column":17}}},"6":{"name":"(anonymous_6)","line":102,"loc":{"start":{"line":102,"column":83},"end":{"line":105,"column":10}},"skip":true},"7":{"name":"(anonymous_7)","line":113,"loc":{"start":{"line":113,"column":77},"end":{"line":116,"column":10}},"skip":true},"8":{"name":"(anonymous_8)","line":129,"loc":{"start":{"line":129,"column":12},"end":{"line":129,"column":40}},"skip":true},"9":{"name":"(anonymous_9)","line":137,"loc":{"start":{"line":137,"column":77},"end":{"line":140,"column":10}},"skip":true},"10":{"name":"(anonymous_10)","line":148,"loc":{"start":{"line":148,"column":83},"end":{"line":151,"column":10}},"skip":true},"11":{"name":"(anonymous_11)","line":159,"loc":{"start":{"line":159,"column":79},"end":{"line":162,"column":10}},"skip":true},"12":{"name":"(anonymous_12)","line":170,"loc":{"start":{"line":170,"column":75},"end":{"line":173,"column":10}},"skip":true}},"statementMap":{"1":{"start":{"line":12,"column":0},"end":{"line":185,"column":5}},"2":{"start":{"line":14,"column":4},"end":{"line":14,"column":14}},"3":{"start":{"line":19,"column":4},"end":{"line":56,"column":9}},"4":{"start":{"line":21,"column":8},"end":{"line":21,"column":19}},"5":{"start":{"line":23,"column":8},"end":{"line":35,"column":13}},"6":{"start":{"line":24,"column":12},"end":{"line":34,"column":13}},"7":{"start":{"line":25,"column":16},"end":{"line":28,"column":30}},"8":{"start":{"line":30,"column":16},"end":{"line":33,"column":27}},"9":{"start":{"line":37,"column":8},"end":{"line":39,"column":21}},"10":{"start":{"line":40,"column":8},"end":{"line":53,"column":9}},"11":{"start":{"line":43,"column":12},"end":{"line":46,"column":14}},"12":{"start":{"line":47,"column":12},"end":{"line":47,"column":18}},"13":{"start":{"line":50,"column":12},"end":{"line":51,"column":46}},"14":{"start":{"line":52,"column":12},"end":{"line":52,"column":18}},"15":{"start":{"line":55,"column":8},"end":{"line":55,"column":35}},"16":{"start":{"line":61,"column":4},"end":{"line":63,"column":9}},"17":{"start":{"line":62,"column":8},"end":{"line":62,"column":15}},"18":{"start":{"line":64,"column":4},"end":{"line":77,"column":5}},"19":{"start":{"line":70,"column":8},"end":{"line":70,"column":14}},"20":{"start":{"line":76,"column":8},"end":{"line":76,"column":14}},"21":{"start":{"line":82,"column":4},"end":{"line":84,"column":9}},"22":{"start":{"line":83,"column":8},"end":{"line":83,"column":15}},"23":{"start":{"line":85,"column":4},"end":{"line":184,"column":5}},"24":{"start":{"line":92,"column":8},"end":{"line":94,"column":63}},"25":{"start":{"line":95,"column":8},"end":{"line":95,"column":14}},"26":{"start":{"line":102,"column":8},"end":{"line":111,"column":10},"skip":true},"27":{"start":{"line":109,"column":12},"end":{"line":109,"column":55},"skip":true},"28":{"start":{"line":110,"column":12},"end":{"line":110,"column":48},"skip":true},"29":{"start":{"line":113,"column":8},"end":{"line":126,"column":10},"skip":true},"30":{"start":{"line":120,"column":12},"end":{"line":120,"column":76},"skip":true},"31":{"start":{"line":121,"column":12},"end":{"line":121,"column":73},"skip":true},"32":{"start":{"line":122,"column":12},"end":{"line":122,"column":74},"skip":true},"33":{"start":{"line":123,"column":12},"end":{"line":123,"column":79},"skip":true},"34":{"start":{"line":124,"column":12},"end":{"line":124,"column":25},"skip":true},"35":{"start":{"line":125,"column":12},"end":{"line":125,"column":45},"skip":true},"36":{"start":{"line":128,"column":8},"end":{"line":135,"column":14},"skip":true},"37":{"start":{"line":133,"column":16},"end":{"line":133,"column":29},"skip":true},"38":{"start":{"line":134,"column":16},"end":{"line":134,"column":55},"skip":true},"39":{"start":{"line":137,"column":8},"end":{"line":146,"column":10},"skip":true},"40":{"start":{"line":144,"column":12},"end":{"line":144,"column":25},"skip":true},"41":{"start":{"line":145,"column":12},"end":{"line":145,"column":45},"skip":true},"42":{"start":{"line":148,"column":8},"end":{"line":157,"column":10},"skip":true},"43":{"start":{"line":155,"column":12},"end":{"line":155,"column":25},"skip":true},"44":{"start":{"line":156,"column":12},"end":{"line":156,"column":48},"skip":true},"45":{"start":{"line":159,"column":8},"end":{"line":168,"column":10},"skip":true},"46":{"start":{"line":166,"column":12},"end":{"line":166,"column":25},"skip":true},"47":{"start":{"line":167,"column":12},"end":{"line":167,"column":46},"skip":true},"48":{"start":{"line":170,"column":8},"end":{"line":179,"column":10},"skip":true},"49":{"start":{"line":177,"column":12},"end":{"line":177,"column":94},"skip":true},"50":{"start":{"line":178,"column":12},"end":{"line":178,"column":48},"skip":true},"51":{"start":{"line":182,"column":8},"end":{"line":182,"column":35},"skip":true},"52":{"start":{"line":183,"column":8},"end":{"line":183,"column":14},"skip":true}},"branchMap":{"1":{"line":25,"type":"binary-expr","locations":[{"start":{"line":25,"column":23},"end":{"line":25,"column":62}},{"start":{"line":26,"column":20},"end":{"line":26,"column":70}},{"start":{"line":27,"column":20},"end":{"line":27,"column":71}},{"start":{"line":28,"column":20},"end":{"line":28,"column":29}}]},"2":{"line":30,"type":"binary-expr","locations":[{"start":{"line":30,"column":23},"end":{"line":30,"column":37}},{"start":{"line":31,"column":20},"end":{"line":31,"column":61}},{"start":{"line":32,"column":20},"end":{"line":32,"column":70}},{"start":{"line":33,"column":20},"end":{"line":33,"column":26}}]},"3":{"line":37,"type":"cond-expr","locations":[{"start":{"line":38,"column":14},"end":{"line":38,"column":20}},{"start":{"line":39,"column":14},"end":{"line":39,"column":20}}]},"4":{"line":40,"type":"switch","locations":[{"start":{"line":42,"column":8},"end":{"line":47,"column":18}},{"start":{"line":49,"column":8},"end":{"line":52,"column":18}}]},"5":{"line":44,"type":"binary-expr","locations":[{"start":{"line":44,"column":16},"end":{"line":44,"column":44}},{"start":{"line":44,"column":48},"end":{"line":44,"column":66}}]},"6":{"line":50,"type":"binary-expr","locations":[{"start":{"line":50,"column":21},"end":{"line":50,"column":49}},{"start":{"line":50,"column":53},"end":{"line":50,"column":72}}]},"7":{"line":64,"type":"switch","locations":[{"start":{"line":69,"column":4},"end":{"line":70,"column":14}},{"start":{"line":75,"column":4},"end":{"line":76,"column":14}}]},"8":{"line":85,"type":"switch","locations":[{"start":{"line":90,"column":4},"end":{"line":95,"column":14}},{"start":{"line":101,"column":4},"end":{"line":183,"column":14},"skip":true}]},"9":{"line":92,"type":"binary-expr","locations":[{"start":{"line":92,"column":18},"end":{"line":92,"column":32}},{"start":{"line":93,"column":12},"end":{"line":93,"column":53}},{"start":{"line":94,"column":12},"end":{"line":94,"column":61}}]},"10":{"line":102,"type":"binary-expr","locations":[{"start":{"line":102,"column":45},"end":{"line":102,"column":79},"skip":true},{"start":{"line":102,"column":83},"end":{"line":111,"column":9},"skip":true}]},"11":{"line":113,"type":"binary-expr","locations":[{"start":{"line":113,"column":42},"end":{"line":113,"column":73},"skip":true},{"start":{"line":113,"column":77},"end":{"line":126,"column":9},"skip":true}]},"12":{"line":128,"type":"binary-expr","locations":[{"start":{"line":128,"column":48},"end":{"line":128,"column":85},"skip":true},{"start":{"line":129,"column":12},"end":{"line":135,"column":13},"skip":true}]},"13":{"line":137,"type":"binary-expr","locations":[{"start":{"line":137,"column":42},"end":{"line":137,"column":73},"skip":true},{"start":{"line":137,"column":77},"end":{"line":146,"column":9},"skip":true}]},"14":{"line":148,"type":"binary-expr","locations":[{"start":{"line":148,"column":45},"end":{"line":148,"column":79},"skip":true},{"start":{"line":148,"column":83},"end":{"line":157,"column":9},"skip":true}]},"15":{"line":159,"type":"binary-expr","locations":[{"start":{"line":159,"column":43},"end":{"line":159,"column":75},"skip":true},{"start":{"line":159,"column":79},"end":{"line":168,"column":9},"skip":true}]},"16":{"line":170,"type":"binary-expr","locations":[{"start":{"line":170,"column":41},"end":{"line":170,"column":71},"skip":true},{"start":{"line":170,"column":75},"end":{"line":179,"column":9},"skip":true}]}},"code":["/* istanbul instrument in package npmtest_awssum */","/*jslint","    bitwise: true,","    browser: true,","    maxerr: 8,","    maxlen: 96,","    node: true,","    nomen: true,","    regexp: true,","    stupid: true","*/","(function () {","    'use strict';","    var local;","","","","    // run shared js-env code - pre-init","    (function () {","        // init local","        local = {};","        // init modeJs","        local.modeJs = (function () {","            try {","                return typeof navigator.userAgent === 'string' &&","                    typeof document.querySelector('body') === 'object' &&","                    typeof XMLHttpRequest.prototype.open === 'function' &&","                    'browser';","            } catch (errorCaughtBrowser) {","                return module.exports &&","                    typeof process.versions.node === 'string' &&","                    typeof require('http').createServer === 'function' &&","                    'node';","            }","        }());","        // init global","        local.global = local.modeJs === 'browser'","            ? window","            : global;","        switch (local.modeJs) {","        // re-init local from window.local","        case 'browser':","            local = local.global.utility2.objectSetDefault(","                local.global.utility2_rollup || local.global.local,","                local.global.utility2","            );","            break;","        // re-init local from example.js","        case 'node':","            local = (local.global.utility2_rollup || require('utility2'))","                .requireExampleJsFromReadme();","            break;","        }","        // export local","        local.global.local = local;","    }());","","","","    // run shared js-env code - function","    (function () {","        return;","    }());","    switch (local.modeJs) {","","","","    // run browser js-env code - function","    case 'browser':","        break;","","","","    // run node js-env code - function","    case 'node':","        break;","    }","","","","    // run shared js-env code - post-init","    (function () {","        return;","    }());","    switch (local.modeJs) {","","","","    // run browser js-env code - post-init","    case 'browser':","        // run tests","        local.nop(local.modeTest &&","            document.querySelector('#testRunButton1') &&","            document.querySelector('#testRunButton1').click());","        break;","","","","    // run node js-env code - post-init","    /* istanbul ignore next */","    case 'node':","        local.testCase_buildApidoc_default = local.testCase_buildApidoc_default || function (","            options,","            onError","        ) {","        /*","         * this function will test buildApidoc's default handling-behavior-behavior","         */","            options = { modulePathList: module.paths };","            local.buildApidoc(options, onError);","        };","","        local.testCase_buildApp_default = local.testCase_buildApp_default || function (","            options,","            onError","        ) {","        /*","         * this function will test buildApp's default handling-behavior-behavior","         */","            local.testCase_buildReadme_default(options, local.onErrorThrow);","            local.testCase_buildLib_default(options, local.onErrorThrow);","            local.testCase_buildTest_default(options, local.onErrorThrow);","            local.testCase_buildCustomOrg_default(options, local.onErrorThrow);","            options = [];","            local.buildApp(options, onError);","        };","","        local.testCase_buildCustomOrg_default = local.testCase_buildCustomOrg_default ||","            function (options, onError) {","            /*","             * this function will test buildCustomOrg's default handling-behavior","             */","                options = {};","                local.buildCustomOrg(options, onError);","            };","","        local.testCase_buildLib_default = local.testCase_buildLib_default || function (","            options,","            onError","        ) {","        /*","         * this function will test buildLib's default handling-behavior","         */","            options = {};","            local.buildLib(options, onError);","        };","","        local.testCase_buildReadme_default = local.testCase_buildReadme_default || function (","            options,","            onError","        ) {","        /*","         * this function will test buildReadme's default handling-behavior-behavior","         */","            options = {};","            local.buildReadme(options, onError);","        };","","        local.testCase_buildTest_default = local.testCase_buildTest_default || function (","            options,","            onError","        ) {","        /*","         * this function will test buildTest's default handling-behavior","         */","            options = {};","            local.buildTest(options, onError);","        };","","        local.testCase_webpage_default = local.testCase_webpage_default || function (","            options,","            onError","        ) {","        /*","         * this function will test webpage's default handling-behavior","         */","            options = { modeCoverageMerge: true, url: local.serverLocalHost + '?modeTest=1' };","            local.browserTest(options, onError);","        };","","        // run test-server","        local.testRunServer(local);","        break;","    }","}());",""],"l":{"12":2,"14":2,"19":2,"21":2,"23":2,"24":2,"25":2,"30":1,"37":2,"40":2,"43":1,"47":1,"50":1,"52":1,"55":2,"61":2,"62":2,"64":2,"70":1,"76":1,"82":2,"83":2,"85":2,"92":1,"95":1,"102":1,"109":1,"110":1,"113":1,"120":1,"121":1,"122":1,"123":1,"124":1,"125":1,"128":1,"133":2,"134":2,"137":1,"144":2,"145":2,"148":1,"155":2,"156":2,"159":1,"166":2,"167":2,"170":1,"177":1,"178":1,"182":1,"183":1}},"/home/travis/build/npmtest/node-npmtest-awssum/lib.npmtest_awssum.js":{"path":"/home/travis/build/npmtest/node-npmtest-awssum/lib.npmtest_awssum.js","s":{"1":2,"2":2,"3":2,"4":2,"5":2,"6":2,"7":2,"8":1,"9":2,"10":2,"11":2,"12":2,"13":1,"14":1,"15":1,"16":1},"b":{"1":[2,1,1,1],"2":[1,1,1,1],"3":[1,1],"4":[2,2],"5":[1,1]},"f":{"1":2,"2":2,"3":2},"fnMap":{"1":{"name":"(anonymous_1)","line":12,"loc":{"start":{"line":12,"column":1},"end":{"line":12,"column":13}}},"2":{"name":"(anonymous_2)","line":19,"loc":{"start":{"line":19,"column":5},"end":{"line":19,"column":17}}},"3":{"name":"(anonymous_3)","line":23,"loc":{"start":{"line":23,"column":24},"end":{"line":23,"column":36}}}},"statementMap":{"1":{"start":{"line":12,"column":0},"end":{"line":53,"column":5}},"2":{"start":{"line":14,"column":4},"end":{"line":14,"column":14}},"3":{"start":{"line":19,"column":4},"end":{"line":52,"column":9}},"4":{"start":{"line":21,"column":8},"end":{"line":21,"column":19}},"5":{"start":{"line":23,"column":8},"end":{"line":35,"column":13}},"6":{"start":{"line":24,"column":12},"end":{"line":34,"column":13}},"7":{"start":{"line":25,"column":16},"end":{"line":28,"column":30}},"8":{"start":{"line":30,"column":16},"end":{"line":33,"column":27}},"9":{"start":{"line":37,"column":8},"end":{"line":39,"column":21}},"10":{"start":{"line":41,"column":8},"end":{"line":41,"column":54}},"11":{"start":{"line":43,"column":8},"end":{"line":43,"column":51}},"12":{"start":{"line":45,"column":8},"end":{"line":51,"column":9}},"13":{"start":{"line":46,"column":12},"end":{"line":46,"column":57}},"14":{"start":{"line":48,"column":12},"end":{"line":48,"column":35}},"15":{"start":{"line":49,"column":12},"end":{"line":49,"column":49}},"16":{"start":{"line":50,"column":12},"end":{"line":50,"column":43}}},"branchMap":{"1":{"line":25,"type":"binary-expr","locations":[{"start":{"line":25,"column":23},"end":{"line":25,"column":62}},{"start":{"line":26,"column":20},"end":{"line":26,"column":70}},{"start":{"line":27,"column":20},"end":{"line":27,"column":71}},{"start":{"line":28,"column":20},"end":{"line":28,"column":29}}]},"2":{"line":30,"type":"binary-expr","locations":[{"start":{"line":30,"column":23},"end":{"line":30,"column":37}},{"start":{"line":31,"column":20},"end":{"line":31,"column":61}},{"start":{"line":32,"column":20},"end":{"line":32,"column":70}},{"start":{"line":33,"column":20},"end":{"line":33,"column":26}}]},"3":{"line":37,"type":"cond-expr","locations":[{"start":{"line":38,"column":14},"end":{"line":38,"column":20}},{"start":{"line":39,"column":14},"end":{"line":39,"column":20}}]},"4":{"line":41,"type":"binary-expr","locations":[{"start":{"line":41,"column":16},"end":{"line":41,"column":44}},{"start":{"line":41,"column":48},"end":{"line":41,"column":53}}]},"5":{"line":45,"type":"if","locations":[{"start":{"line":45,"column":8},"end":{"line":45,"column":8}},{"start":{"line":45,"column":8},"end":{"line":45,"column":8}}]}},"code":["/* istanbul instrument in package npmtest_awssum */","/*jslint","    bitwise: true,","    browser: true,","    maxerr: 8,","    maxlen: 96,","    node: true,","    nomen: true,","    regexp: true,","    stupid: true","*/","(function () {","    'use strict';","    var local;","","","","    // run shared js-env code - pre-init","    (function () {","        // init local","        local = {};","        // init modeJs","        local.modeJs = (function () {","            try {","                return typeof navigator.userAgent === 'string' &&","                    typeof document.querySelector('body') === 'object' &&","                    typeof XMLHttpRequest.prototype.open === 'function' &&","                    'browser';","            } catch (errorCaughtBrowser) {","                return module.exports &&","                    typeof process.versions.node === 'string' &&","                    typeof require('http').createServer === 'function' &&","                    'node';","            }","        }());","        // init global","        local.global = local.modeJs === 'browser'","            ? window","            : global;","        // init utility2_rollup","        local = local.global.utility2_rollup || local;","        // init lib","        local.local = local.npmtest_awssum = local;","        // init exports","        if (local.modeJs === 'browser') {","            local.global.utility2_npmtest_awssum = local;","        } else {","            module.exports = local;","            module.exports.__dirname = __dirname;","            module.exports.module = module;","        }","    }());","}());",""],"l":{"12":2,"14":2,"19":2,"21":2,"23":2,"24":2,"25":2,"30":1,"37":2,"41":2,"43":2,"45":2,"46":1,"48":1,"49":1,"50":1}},"/home/travis/build/npmtest/node-npmtest-awssum/example.js":{"path":"/home/travis/build/npmtest/node-npmtest-awssum/example.js","s":{"1":2,"2":2,"3":2,"4":2,"5":2,"6":2,"7":2,"8":1,"9":2,"10":2,"11":2,"12":2,"13":1,"14":2,"15":2,"16":2,"17":2,"18":2,"19":0,"20":2,"21":1,"22":1,"23":1,"24":1,"25":1,"26":0,"27":0,"28":1,"29":1,"30":2,"31":0,"32":0,"33":0,"34":1,"35":2,"36":2,"37":2,"38":2,"39":2,"40":2,"41":0,"42":2,"43":2,"44":2,"45":1,"46":3,"47":1,"48":1,"49":1,"50":1,"51":1,"52":1,"53":1,"54":1,"55":1,"56":1,"57":0,"58":1,"59":6,"60":6,"61":1,"62":2,"63":0,"64":2,"65":1,"66":1,"67":0,"68":0,"69":0,"70":0,"71":0,"72":0,"73":0,"74":0,"75":0,"76":0,"77":0,"78":0,"79":0,"80":0,"81":0,"82":0,"83":0},"b":{"1":[2,1,1,1],"2":[1,1,1,1],"3":[1,1],"4":[2,2],"5":[1,1],"6":[1,1],"7":[2,0],"8":[2,1,1,1,1,1],"9":[0,2,0],"10":[1,1],"11":[2,1,1],"12":[1,0],"13":[0,2],"14":[2,0,0,0,0,0,0],"15":[0,2],"16":[2,0],"17":[1,1],"18":[0,1],"19":[1,2,0,2],"20":[1,0],"21":[1,1],"22":[0,0],"23":[0,0],"24":[0,0],"25":[0,0],"26":[0,0],"27":[0,0],"28":[0,0]},"f":{"1":2,"2":2,"3":2,"4":2,"5":2,"6":2,"7":2,"8":2,"9":3,"10":1,"11":6,"12":0},"fnMap":{"1":{"name":"(anonymous_1)","line":26,"loc":{"start":{"line":26,"column":1},"end":{"line":26,"column":13}}},"2":{"name":"(anonymous_2)","line":33,"loc":{"start":{"line":33,"column":5},"end":{"line":33,"column":17}}},"3":{"name":"(anonymous_3)","line":37,"loc":{"start":{"line":37,"column":24},"end":{"line":37,"column":36}}},"4":{"name":"(anonymous_4)","line":69,"loc":{"start":{"line":69,"column":31},"end":{"line":69,"column":48}},"skip":true},"5":{"name":"(anonymous_5)","line":78,"loc":{"start":{"line":78,"column":26},"end":{"line":78,"column":45}},"skip":true},"6":{"name":"(anonymous_6)","line":123,"loc":{"start":{"line":123,"column":33},"end":{"line":123,"column":48}},"skip":true},"7":{"name":"(anonymous_7)","line":125,"loc":{"start":{"line":125,"column":27},"end":{"line":125,"column":39}},"skip":true},"8":{"name":"(anonymous_8)","line":133,"loc":{"start":{"line":133,"column":59},"end":{"line":133,"column":74}},"skip":true},"9":{"name":"(anonymous_9)","line":143,"loc":{"start":{"line":143,"column":45},"end":{"line":143,"column":62}},"skip":true},"10":{"name":"(anonymous_10)","line":144,"loc":{"start":{"line":144,"column":73},"end":{"line":144,"column":92}},"skip":true},"11":{"name":"(anonymous_11)","line":272,"loc":{"start":{"line":272,"column":51},"end":{"line":272,"column":77}},"skip":true},"12":{"name":"(anonymous_12)","line":314,"loc":{"start":{"line":314,"column":32},"end":{"line":314,"column":61}},"skip":true}},"statementMap":{"1":{"start":{"line":26,"column":0},"end":{"line":325,"column":5}},"2":{"start":{"line":28,"column":4},"end":{"line":28,"column":14}},"3":{"start":{"line":33,"column":4},"end":{"line":60,"column":9}},"4":{"start":{"line":35,"column":8},"end":{"line":35,"column":19}},"5":{"start":{"line":37,"column":8},"end":{"line":49,"column":13}},"6":{"start":{"line":38,"column":12},"end":{"line":48,"column":13}},"7":{"start":{"line":39,"column":16},"end":{"line":42,"column":30}},"8":{"start":{"line":44,"column":16},"end":{"line":47,"column":27}},"9":{"start":{"line":51,"column":8},"end":{"line":53,"column":21}},"10":{"start":{"line":55,"column":8},"end":{"line":57,"column":45}},"11":{"start":{"line":59,"column":8},"end":{"line":59,"column":35}},"12":{"start":{"line":61,"column":4},"end":{"line":324,"column":5}},"13":{"start":{"line":69,"column":8},"end":{"line":121,"column":10},"skip":true},"14":{"start":{"line":70,"column":12},"end":{"line":88,"column":13},"skip":true},"15":{"start":{"line":76,"column":16},"end":{"line":87,"column":19},"skip":true},"16":{"start":{"line":79,"column":20},"end":{"line":86,"column":21},"skip":true},"17":{"start":{"line":82,"column":24},"end":{"line":82,"column":43},"skip":true},"18":{"start":{"line":83,"column":24},"end":{"line":83,"column":30},"skip":true},"19":{"start":{"line":85,"column":24},"end":{"line":85,"column":49},"skip":true},"20":{"start":{"line":89,"column":12},"end":{"line":107,"column":13},"skip":true},"21":{"start":{"line":92,"column":16},"end":{"line":102,"column":17},"skip":true},"22":{"start":{"line":93,"column":20},"end":{"line":93,"column":86},"skip":true},"23":{"start":{"line":94,"column":20},"end":{"line":95,"column":45},"skip":true},"24":{"start":{"line":96,"column":20},"end":{"line":96,"column":42},"skip":true},"25":{"start":{"line":97,"column":20},"end":{"line":97,"column":48},"skip":true},"26":{"start":{"line":100,"column":20},"end":{"line":100,"column":85},"skip":true},"27":{"start":{"line":101,"column":20},"end":{"line":101,"column":96},"skip":true},"28":{"start":{"line":103,"column":16},"end":{"line":103,"column":22},"skip":true},"29":{"start":{"line":106,"column":16},"end":{"line":106,"column":22},"skip":true},"30":{"start":{"line":108,"column":12},"end":{"line":120,"column":13},"skip":true},"31":{"start":{"line":114,"column":16},"end":{"line":119,"column":17},"skip":true},"32":{"start":{"line":116,"column":20},"end":{"line":116,"column":78},"skip":true},"33":{"start":{"line":118,"column":20},"end":{"line":118,"column":47},"skip":true},"34":{"start":{"line":123,"column":8},"end":{"line":141,"column":11},"skip":true},"35":{"start":{"line":124,"column":12},"end":{"line":124,"column":54},"skip":true},"36":{"start":{"line":125,"column":12},"end":{"line":140,"column":14},"skip":true},"37":{"start":{"line":126,"column":16},"end":{"line":126,"column":28},"skip":true},"38":{"start":{"line":127,"column":16},"end":{"line":127,"column":69},"skip":true},"39":{"start":{"line":128,"column":16},"end":{"line":128,"column":75},"skip":true},"40":{"start":{"line":129,"column":16},"end":{"line":131,"column":17},"skip":true},"41":{"start":{"line":130,"column":20},"end":{"line":130,"column":27},"skip":true},"42":{"start":{"line":133,"column":16},"end":{"line":137,"column":36},"skip":true},"43":{"start":{"line":134,"column":20},"end":{"line":136,"column":55},"skip":true},"44":{"start":{"line":139,"column":16},"end":{"line":139,"column":57},"skip":true},"45":{"start":{"line":143,"column":8},"end":{"line":147,"column":11},"skip":true},"46":{"start":{"line":144,"column":12},"end":{"line":146,"column":15},"skip":true},"47":{"start":{"line":145,"column":16},"end":{"line":145,"column":70},"skip":true},"48":{"start":{"line":149,"column":8},"end":{"line":149,"column":31},"skip":true},"49":{"start":{"line":150,"column":8},"end":{"line":150,"column":14},"skip":true},"50":{"start":{"line":158,"column":8},"end":{"line":158,"column":31},"skip":true},"51":{"start":{"line":160,"column":8},"end":{"line":160,"column":33},"skip":true},"52":{"start":{"line":161,"column":8},"end":{"line":161,"column":37},"skip":true},"53":{"start":{"line":162,"column":8},"end":{"line":162,"column":35},"skip":true},"54":{"start":{"line":164,"column":8},"end":{"line":164,"column":50},"skip":true},"55":{"start":{"line":166,"column":8},"end":{"line":256,"column":2},"skip":true},"56":{"start":{"line":258,"column":8},"end":{"line":286,"column":9},"skip":true},"57":{"start":{"line":259,"column":12},"end":{"line":269,"column":14},"skip":true},"58":{"start":{"line":271,"column":12},"end":{"line":285,"column":19},"skip":true},"59":{"start":{"line":274,"column":20},"end":{"line":274,"column":35},"skip":true},"60":{"start":{"line":275,"column":20},"end":{"line":284,"column":21},"skip":true},"61":{"start":{"line":277,"column":24},"end":{"line":277,"column":64},"skip":true},"62":{"start":{"line":279,"column":24},"end":{"line":279,"column":40},"skip":true},"63":{"start":{"line":281,"column":24},"end":{"line":281,"column":40},"skip":true},"64":{"start":{"line":283,"column":24},"end":{"line":283,"column":39},"skip":true},"65":{"start":{"line":288,"column":8},"end":{"line":290,"column":9},"skip":true},"66":{"start":{"line":289,"column":12},"end":{"line":289,"column":18},"skip":true},"67":{"start":{"line":291,"column":8},"end":{"line":293,"column":54},"skip":true},"68":{"start":{"line":294,"column":8},"end":{"line":301,"column":37},"skip":true},"69":{"start":{"line":302,"column":8},"end":{"line":302,"column":82},"skip":true},"70":{"start":{"line":305,"column":8},"end":{"line":307,"column":9},"skip":true},"71":{"start":{"line":306,"column":12},"end":{"line":306,"column":82},"skip":true},"72":{"start":{"line":309,"column":8},"end":{"line":311,"column":9},"skip":true},"73":{"start":{"line":310,"column":12},"end":{"line":310,"column":18},"skip":true},"74":{"start":{"line":312,"column":8},"end":{"line":312,"column":54},"skip":true},"75":{"start":{"line":313,"column":8},"end":{"line":313,"column":69},"skip":true},"76":{"start":{"line":314,"column":8},"end":{"line":322,"column":36},"skip":true},"77":{"start":{"line":315,"column":12},"end":{"line":315,"column":61},"skip":true},"78":{"start":{"line":316,"column":12},"end":{"line":319,"column":13},"skip":true},"79":{"start":{"line":317,"column":16},"end":{"line":317,"column":75},"skip":true},"80":{"start":{"line":318,"column":16},"end":{"line":318,"column":23},"skip":true},"81":{"start":{"line":320,"column":12},"end":{"line":320,"column":38},"skip":true},"82":{"start":{"line":321,"column":12},"end":{"line":321,"column":27},"skip":true},"83":{"start":{"line":323,"column":8},"end":{"line":323,"column":14},"skip":true}},"branchMap":{"1":{"line":39,"type":"binary-expr","locations":[{"start":{"line":39,"column":23},"end":{"line":39,"column":62}},{"start":{"line":40,"column":20},"end":{"line":40,"column":70}},{"start":{"line":41,"column":20},"end":{"line":41,"column":71}},{"start":{"line":42,"column":20},"end":{"line":42,"column":29}}]},"2":{"line":44,"type":"binary-expr","locations":[{"start":{"line":44,"column":23},"end":{"line":44,"column":37}},{"start":{"line":45,"column":20},"end":{"line":45,"column":61}},{"start":{"line":46,"column":20},"end":{"line":46,"column":70}},{"start":{"line":47,"column":20},"end":{"line":47,"column":26}}]},"3":{"line":51,"type":"cond-expr","locations":[{"start":{"line":52,"column":14},"end":{"line":52,"column":20}},{"start":{"line":53,"column":14},"end":{"line":53,"column":20}}]},"4":{"line":55,"type":"binary-expr","locations":[{"start":{"line":55,"column":16},"end":{"line":55,"column":44}},{"start":{"line":55,"column":49},"end":{"line":57,"column":43}}]},"5":{"line":55,"type":"cond-expr","locations":[{"start":{"line":56,"column":14},"end":{"line":56,"column":50}},{"start":{"line":57,"column":14},"end":{"line":57,"column":43}}]},"6":{"line":61,"type":"switch","locations":[{"start":{"line":68,"column":4},"end":{"line":150,"column":14},"skip":true},{"start":{"line":156,"column":4},"end":{"line":323,"column":14},"skip":true}]},"7":{"line":70,"type":"if","locations":[{"start":{"line":70,"column":12},"end":{"line":70,"column":12},"skip":true},{"start":{"line":70,"column":12},"end":{"line":70,"column":12},"skip":true}]},"8":{"line":70,"type":"binary-expr","locations":[{"start":{"line":70,"column":16},"end":{"line":70,"column":22},"skip":true},{"start":{"line":70,"column":27},"end":{"line":70,"column":32},"skip":true},{"start":{"line":71,"column":20},"end":{"line":71,"column":39},"skip":true},{"start":{"line":72,"column":20},"end":{"line":72,"column":49},"skip":true},{"start":{"line":73,"column":20},"end":{"line":73,"column":58},"skip":true},{"start":{"line":74,"column":20},"end":{"line":74,"column":69},"skip":true}]},"9":{"line":79,"type":"switch","locations":[{"start":{"line":80,"column":20},"end":{"line":80,"column":33},"skip":true},{"start":{"line":81,"column":20},"end":{"line":83,"column":30},"skip":true},{"start":{"line":84,"column":20},"end":{"line":85,"column":49},"skip":true}]},"10":{"line":89,"type":"switch","locations":[{"start":{"line":90,"column":12},"end":{"line":103,"column":22},"skip":true},{"start":{"line":105,"column":12},"end":{"line":106,"column":22},"skip":true}]},"11":{"line":89,"type":"binary-expr","locations":[{"start":{"line":89,"column":20},"end":{"line":89,"column":25},"skip":true},{"start":{"line":89,"column":29},"end":{"line":89,"column":48},"skip":true},{"start":{"line":89,"column":52},"end":{"line":89,"column":74},"skip":true}]},"12":{"line":92,"type":"if","locations":[{"start":{"line":92,"column":16},"end":{"line":92,"column":16},"skip":true},{"start":{"line":92,"column":16},"end":{"line":92,"column":16},"skip":true}]},"13":{"line":108,"type":"if","locations":[{"start":{"line":108,"column":12},"end":{"line":108,"column":12},"skip":true},{"start":{"line":108,"column":12},"end":{"line":108,"column":12},"skip":true}]},"14":{"line":108,"type":"binary-expr","locations":[{"start":{"line":108,"column":16},"end":{"line":108,"column":61},"skip":true},{"start":{"line":108,"column":66},"end":{"line":108,"column":72},"skip":true},{"start":{"line":108,"column":77},"end":{"line":108,"column":82},"skip":true},{"start":{"line":109,"column":20},"end":{"line":109,"column":39},"skip":true},{"start":{"line":110,"column":20},"end":{"line":110,"column":49},"skip":true},{"start":{"line":111,"column":20},"end":{"line":111,"column":58},"skip":true},{"start":{"line":112,"column":20},"end":{"line":112,"column":68},"skip":true}]},"15":{"line":129,"type":"if","locations":[{"start":{"line":129,"column":16},"end":{"line":129,"column":16},"skip":true},{"start":{"line":129,"column":16},"end":{"line":129,"column":16},"skip":true}]},"16":{"line":134,"type":"cond-expr","locations":[{"start":{"line":135,"column":26},"end":{"line":135,"column":29},"skip":true},{"start":{"line":136,"column":26},"end":{"line":136,"column":54},"skip":true}]},"17":{"line":164,"type":"binary-expr","locations":[{"start":{"line":164,"column":27},"end":{"line":164,"column":43},"skip":true},{"start":{"line":164,"column":47},"end":{"line":164,"column":49},"skip":true}]},"18":{"line":258,"type":"if","locations":[{"start":{"line":258,"column":8},"end":{"line":258,"column":8},"skip":true},{"start":{"line":258,"column":8},"end":{"line":258,"column":8},"skip":true}]},"19":{"line":275,"type":"switch","locations":[{"start":{"line":276,"column":20},"end":{"line":277,"column":64},"skip":true},{"start":{"line":278,"column":20},"end":{"line":279,"column":40},"skip":true},{"start":{"line":280,"column":20},"end":{"line":281,"column":40},"skip":true},{"start":{"line":282,"column":20},"end":{"line":283,"column":39},"skip":true}]},"20":{"line":288,"type":"if","locations":[{"start":{"line":288,"column":8},"end":{"line":288,"column":8},"skip":true},{"start":{"line":288,"column":8},"end":{"line":288,"column":8},"skip":true}]},"21":{"line":288,"type":"binary-expr","locations":[{"start":{"line":288,"column":12},"end":{"line":288,"column":40},"skip":true},{"start":{"line":288,"column":44},"end":{"line":288,"column":67},"skip":true}]},"22":{"line":292,"type":"binary-expr","locations":[{"start":{"line":292,"column":12},"end":{"line":292,"column":50},"skip":true},{"start":{"line":293,"column":12},"end":{"line":293,"column":53},"skip":true}]},"23":{"line":295,"type":"binary-expr","locations":[{"start":{"line":295,"column":12},"end":{"line":295,"column":64},"skip":true},{"start":{"line":296,"column":12},"end":{"line":301,"column":36},"skip":true}]},"24":{"line":302,"type":"binary-expr","locations":[{"start":{"line":302,"column":43},"end":{"line":302,"column":75},"skip":true},{"start":{"line":302,"column":79},"end":{"line":302,"column":81},"skip":true}]},"25":{"line":305,"type":"if","locations":[{"start":{"line":305,"column":8},"end":{"line":305,"column":8},"skip":true},{"start":{"line":305,"column":8},"end":{"line":305,"column":8},"skip":true}]},"26":{"line":309,"type":"if","locations":[{"start":{"line":309,"column":8},"end":{"line":309,"column":8},"skip":true},{"start":{"line":309,"column":8},"end":{"line":309,"column":8},"skip":true}]},"27":{"line":312,"type":"binary-expr","locations":[{"start":{"line":312,"column":27},"end":{"line":312,"column":43},"skip":true},{"start":{"line":312,"column":47},"end":{"line":312,"column":53},"skip":true}]},"28":{"line":316,"type":"if","locations":[{"start":{"line":316,"column":12},"end":{"line":316,"column":12},"skip":true},{"start":{"line":316,"column":12},"end":{"line":316,"column":12},"skip":true}]}},"code":["/*","example.js","","quickstart example","","instruction","    1. save this script as example.js","    2. run the shell command:","        $ npm install npmtest-awssum && PORT=8081 node example.js","    3. play with the browser-demo on http://127.0.0.1:8081","*/","","","","/* istanbul instrument in package npmtest_awssum */","/*jslint","    bitwise: true,","    browser: true,","    maxerr: 8,","    maxlen: 96,","    node: true,","    nomen: true,","    regexp: true,","    stupid: true","*/","(function () {","    'use strict';","    var local;","","","","    // run shared js-env code - pre-init","    (function () {","        // init local","        local = {};","        // init modeJs","        local.modeJs = (function () {","            try {","                return typeof navigator.userAgent === 'string' &&","                    typeof document.querySelector('body') === 'object' &&","                    typeof XMLHttpRequest.prototype.open === 'function' &&","                    'browser';","            } catch (errorCaughtBrowser) {","                return module.exports &&","                    typeof process.versions.node === 'string' &&","                    typeof require('http').createServer === 'function' &&","                    'node';","            }","        }());","        // init global","        local.global = local.modeJs === 'browser'","            ? window","            : global;","        // init utility2_rollup","        local = local.global.utility2_rollup || (local.modeJs === 'browser'","            ? local.global.utility2_npmtest_awssum","            : global.utility2_moduleExports);","        // export local","        local.global.local = local;","    }());","    switch (local.modeJs) {","","","","    // post-init","    // run browser js-env code - post-init","    /* istanbul ignore next */","    case 'browser':","        local.testRunBrowser = function (event) {","            if (!event || (event &&","                    event.currentTarget &&","                    event.currentTarget.className &&","                    event.currentTarget.className.includes &&","                    event.currentTarget.className.includes('onreset'))) {","                // reset output","                Array.from(","                    document.querySelectorAll('body > .resettable')","                ).forEach(function (element) {","                    switch (element.tagName) {","                    case 'INPUT':","                    case 'TEXTAREA':","                        element.value = '';","                        break;","                    default:","                        element.textContent = '';","                    }","                });","            }","            switch (event && event.currentTarget && event.currentTarget.id) {","            case 'testRunButton1':","                // show tests","                if (document.querySelector('#testReportDiv1').style.display === 'none') {","                    document.querySelector('#testReportDiv1').style.display = 'block';","                    document.querySelector('#testRunButton1').textContent =","                        'hide internal test';","                    local.modeTest = true;","                    local.testRunDefault(local);","                // hide tests","                } else {","                    document.querySelector('#testReportDiv1').style.display = 'none';","                    document.querySelector('#testRunButton1').textContent = 'run internal test';","                }","                break;","            // custom-case","            default:","                break;","            }","            if (document.querySelector('#inputTextareaEval1') && (!event || (event &&","                    event.currentTarget &&","                    event.currentTarget.className &&","                    event.currentTarget.className.includes &&","                    event.currentTarget.className.includes('oneval')))) {","                // try to eval input-code","                try {","                    /*jslint evil: true*/","                    eval(document.querySelector('#inputTextareaEval1').value);","                } catch (errorCaught) {","                    console.error(errorCaught);","                }","            }","        };","        // log stderr and stdout to #outputTextareaStdout1","        ['error', 'log'].forEach(function (key) {","            console[key + '_original'] = console[key];","            console[key] = function () {","                var element;","                console[key + '_original'].apply(console, arguments);","                element = document.querySelector('#outputTextareaStdout1');","                if (!element) {","                    return;","                }","                // append text to #outputTextareaStdout1","                element.value += Array.from(arguments).map(function (arg) {","                    return typeof arg === 'string'","                        ? arg","                        : JSON.stringify(arg, null, 4);","                }).join(' ') + '\\n';","                // scroll textarea to bottom","                element.scrollTop = element.scrollHeight;","            };","        });","        // init event-handling","        ['change', 'click', 'keyup'].forEach(function (event) {","            Array.from(document.querySelectorAll('.on' + event)).forEach(function (element) {","                element.addEventListener(event, local.testRunBrowser);","            });","        });","        // run tests","        local.testRunBrowser();","        break;","","","","    // run node js-env code - post-init","    /* istanbul ignore next */","    case 'node':","        // export local","        module.exports = local;","        // require modules","        local.fs = require('fs');","        local.http = require('http');","        local.url = require('url');","        // init assets","        local.assetsDict = local.assetsDict || {};","        /* jslint-ignore-begin */","        local.assetsDict['/assets.index.template.html'] = '\\","<!doctype html>\\n\\","<html lang=\"en\">\\n\\","<head>\\n\\","<meta charset=\"UTF-8\">\\n\\","<meta name=\"viewport\" content=\"width=device-width, initial-scale=1\">\\n\\","<title>{{env.npm_package_name}} (v{{env.npm_package_version}})</title>\\n\\","<style>\\n\\","/*csslint\\n\\","    box-sizing: false,\\n\\","    universal-selector: false\\n\\","*/\\n\\","* {\\n\\","    box-sizing: border-box;\\n\\","}\\n\\","body {\\n\\","    background: #dde;\\n\\","    font-family: Arial, Helvetica, sans-serif;\\n\\","    margin: 2rem;\\n\\","}\\n\\","body > * {\\n\\","    margin-bottom: 1rem;\\n\\","}\\n\\",".utility2FooterDiv {\\n\\","    margin-top: 20px;\\n\\","    text-align: center;\\n\\","}\\n\\","</style>\\n\\","<style>\\n\\","/*csslint\\n\\","*/\\n\\","textarea {\\n\\","    font-family: monospace;\\n\\","    height: 10rem;\\n\\","    width: 100%;\\n\\","}\\n\\","textarea[readonly] {\\n\\","    background: #ddd;\\n\\","}\\n\\","</style>\\n\\","</head>\\n\\","<body>\\n\\","<!-- utility2-comment\\n\\","<div id=\"ajaxProgressDiv1\" style=\"background: #d00; height: 2px; left: 0; margin: 0; padding: 0; position: fixed; top: 0; transition: background 0.5s, width 1.5s; width: 25%;\"></div>\\n\\","utility2-comment -->\\n\\","<h1>\\n\\","<!-- utility2-comment\\n\\","    <a\\n\\","        {{#if env.npm_package_homepage}}\\n\\","        href=\"{{env.npm_package_homepage}}\"\\n\\","        {{/if env.npm_package_homepage}}\\n\\","        target=\"_blank\"\\n\\","    >\\n\\","utility2-comment -->\\n\\","        {{env.npm_package_name}} (v{{env.npm_package_version}})\\n\\","<!-- utility2-comment\\n\\","    </a>\\n\\","utility2-comment -->\\n\\","</h1>\\n\\","<h3>{{env.npm_package_description}}</h3>\\n\\","<!-- utility2-comment\\n\\","<h4><a download href=\"assets.app.js\">download standalone app</a></h4>\\n\\","<button class=\"onclick onreset\" id=\"testRunButton1\">run internal test</button><br>\\n\\","<div id=\"testReportDiv1\" style=\"display: none;\"></div>\\n\\","utility2-comment -->\\n\\","\\n\\","\\n\\","\\n\\","<label>stderr and stdout</label>\\n\\","<textarea class=\"resettable\" id=\"outputTextareaStdout1\" readonly></textarea>\\n\\","<!-- utility2-comment\\n\\","{{#if isRollup}}\\n\\","<script src=\"assets.app.js\"></script>\\n\\","{{#unless isRollup}}\\n\\","utility2-comment -->\\n\\","<script src=\"assets.utility2.rollup.js\"></script>\\n\\","<script src=\"jsonp.utility2._stateInit?callback=window.utility2._stateInit\"></script>\\n\\","<script src=\"assets.npmtest_awssum.rollup.js\"></script>\\n\\","<script src=\"assets.example.js\"></script>\\n\\","<script src=\"assets.test.js\"></script>\\n\\","<!-- utility2-comment\\n\\","{{/if isRollup}}\\n\\","utility2-comment -->\\n\\","<div class=\"utility2FooterDiv\">\\n\\","    [ this app was created with\\n\\","    <a href=\"https://github.com/kaizhu256/node-utility2\" target=\"_blank\">utility2</a>\\n\\","    ]\\n\\","</div>\\n\\","</body>\\n\\","</html>\\n\\","';","        /* jslint-ignore-end */","        if (local.templateRender) {","            local.assetsDict['/'] = local.templateRender(","                local.assetsDict['/assets.index.template.html'],","                {","                    env: local.objectSetDefault(local.env, {","                        npm_package_description: 'the greatest app in the world!',","                        npm_package_name: 'my-app',","                        npm_package_nameAlias: 'my_app',","                        npm_package_version: '0.0.1'","                    })","                }","            );","        } else {","            local.assetsDict['/'] = local.assetsDict['/assets.index.template.html']","                .replace((/\\{\\{env\\.(\\w+?)\\}\\}/g), function (match0, match1) {","                    // jslint-hack","                    String(match0);","                    switch (match1) {","                    case 'npm_package_description':","                        return 'the greatest app in the world!';","                    case 'npm_package_name':","                        return 'my-app';","                    case 'npm_package_nameAlias':","                        return 'my_app';","                    case 'npm_package_version':","                        return '0.0.1';","                    }","                });","        }","        // run the cli","        if (local.global.utility2_rollup || module !== require.main) {","            break;","        }","        local.assetsDict['/assets.example.js'] =","            local.assetsDict['/assets.example.js'] ||","            local.fs.readFileSync(__filename, 'utf8');","        local.assetsDict['/assets.npmtest_awssum.rollup.js'] =","            local.assetsDict['/assets.npmtest_awssum.rollup.js'] ||","            local.fs.readFileSync(","                // buildCustomOrg-hack","                local.npmtest_awssum.__dirname +","                    '/lib.npmtest_awssum.js',","                'utf8'","            ).replace((/^#!/), '//');","        local.assetsDict['/favicon.ico'] = local.assetsDict['/favicon.ico'] || '';","        // if $npm_config_timeout_exit exists,","        // then exit this process after $npm_config_timeout_exit ms","        if (Number(process.env.npm_config_timeout_exit)) {","            setTimeout(process.exit, Number(process.env.npm_config_timeout_exit));","        }","        // start server","        if (local.global.utility2_serverHttp1) {","            break;","        }","        process.env.PORT = process.env.PORT || '8081';","        console.error('server starting on port ' + process.env.PORT);","        local.http.createServer(function (request, response) {","            request.urlParsed = local.url.parse(request.url);","            if (local.assetsDict[request.urlParsed.pathname] !== undefined) {","                response.end(local.assetsDict[request.urlParsed.pathname]);","                return;","            }","            response.statusCode = 404;","            response.end();","        }).listen(process.env.PORT);","        break;","    }","}());",""],"l":{"26":2,"28":2,"33":2,"35":2,"37":2,"38":2,"39":2,"44":1,"51":2,"55":2,"59":2,"61":2,"69":1,"70":2,"76":2,"79":2,"82":2,"83":2,"85":1,"89":2,"92":1,"93":1,"94":1,"96":1,"97":1,"100":1,"101":1,"103":1,"106":1,"108":2,"114":1,"116":1,"118":1,"123":1,"124":2,"125":2,"126":2,"127":2,"128":2,"129":2,"130":1,"133":2,"134":2,"139":2,"143":1,"144":3,"145":1,"149":1,"150":1,"158":1,"160":1,"161":1,"162":1,"164":1,"166":1,"258":1,"259":1,"271":1,"274":6,"275":6,"277":1,"279":2,"281":1,"283":2,"288":1,"289":1,"291":1,"294":1,"302":1,"305":1,"306":1,"309":1,"310":1,"312":1,"313":1,"314":1,"315":1,"316":1,"317":1,"318":1,"320":1,"321":1,"323":1}},"/home/travis/build/npmtest/node-npmtest-awssum/node_modules/awssum/awssum.js":{"path":"/home/travis/build/npmtest/node-npmtest-awssum/node_modules/awssum/awssum.js","s":{"1":1,"2":1,"3":1,"4":1,"5":1,"6":1,"7":1,"8":1,"9":1,"10":1,"11":1,"12":1,"13":0,"14":1,"15":0,"16":1,"17":0,"18":0,"19":1,"20":0,"21":0,"22":0,"23":0,"24":0,"25":0,"26":0,"27":1,"28":0,"29":0,"30":0,"31":0,"32":0,"33":0,"34":0,"35":0,"36":1,"37":0,"38":0,"39":0,"40":0,"41":0,"42":0,"43":0,"44":0,"45":0,"46":0,"47":0,"48":1,"49":0,"50":0,"51":0,"52":0,"53":0,"54":0,"55":0,"56":0,"57":0,"58":1,"59":0,"60":0,"61":0,"62":0,"63":0,"64":0,"65":1,"66":0,"67":0,"68":0,"69":0,"70":0,"71":0,"72":0,"73":0,"74":0,"75":0,"76":0,"77":0,"78":1,"79":0,"80":0,"81":1,"82":0,"83":0,"84":1,"85":0,"86":0,"87":1,"88":0,"89":1,"90":0,"91":0,"92":1,"93":0,"94":0,"95":0,"96":1,"97":0,"98":0,"99":0,"100":0,"101":0,"102":0,"103":0,"104":1,"105":0,"106":1,"107":0,"108":0,"109":0,"110":1,"111":0,"112":1,"113":0,"114":1,"115":1,"116":1,"117":0,"118":1,"119":0,"120":1,"121":0,"122":1,"123":0,"124":1,"125":0,"126":0,"127":0,"128":0,"129":0,"130":0,"131":0,"132":0,"133":0,"134":0,"135":0,"136":0,"137":0,"138":0,"139":0,"140":1,"141":0,"142":0,"143":0,"144":0,"145":0,"146":1,"147":0,"148":0,"149":0,"150":0,"151":0,"152":1,"153":0,"154":0,"155":0,"156":0,"157":0,"158":0,"159":0,"160":0,"161":0,"162":0,"163":0,"164":0,"165":0,"166":0,"167":0,"168":0,"169":0,"170":0,"171":0,"172":0,"173":0,"174":0,"175":0,"176":0,"177":0,"178":0,"179":0,"180":0,"181":0,"182":0,"183":0,"184":0,"185":0,"186":0,"187":0,"188":0,"189":0,"190":0,"191":0,"192":0,"193":0,"194":0,"195":0,"196":0,"197":0,"198":0,"199":0,"200":0,"201":0,"202":0,"203":0,"204":0,"205":0,"206":0,"207":0,"208":0,"209":0,"210":0,"211":0,"212":0,"213":0,"214":0,"215":0,"216":0,"217":0,"218":0,"219":0,"220":0,"221":0,"222":0,"223":0,"224":0,"225":0,"226":0,"227":0,"228":0,"229":0,"230":0,"231":0,"232":0,"233":0,"234":0,"235":0,"236":0,"237":0,"238":0,"239":0,"240":0,"241":0,"242":0,"243":0,"244":0,"245":0,"246":0,"247":0,"248":0,"249":0,"250":0,"251":0,"252":0,"253":0,"254":0,"255":0,"256":0,"257":0,"258":0,"259":0,"260":0,"261":0,"262":0,"263":0,"264":0,"265":0,"266":0,"267":0,"268":0,"269":0,"270":0,"271":0,"272":0,"273":0,"274":0,"275":0,"276":0,"277":0,"278":0,"279":0,"280":0,"281":0,"282":0,"283":0,"284":0,"285":0,"286":0,"287":0,"288":0,"289":0,"290":0,"291":0,"292":0,"293":0,"294":0,"295":0,"296":0,"297":0,"298":0,"299":0,"300":0,"301":0,"302":0,"303":0,"304":0,"305":0,"306":0,"307":0,"308":0,"309":0,"310":0,"311":0,"312":0,"313":0,"314":0,"315":0,"316":0,"317":0,"318":0,"319":0,"320":0,"321":0,"322":0,"323":0,"324":0,"325":0,"326":0,"327":0,"328":0,"329":0,"330":0,"331":0,"332":0,"333":0,"334":0,"335":0,"336":0,"337":0,"338":0,"339":0,"340":0,"341":0,"342":0,"343":0,"344":0,"345":0,"346":0,"347":0,"348":0,"349":0,"350":0,"351":0,"352":0,"353":0,"354":0,"355":0,"356":0,"357":0,"358":0,"359":0,"360":0,"361":0,"362":0,"363":0,"364":0,"365":0,"366":0,"367":0,"368":0,"369":0,"370":0,"371":0,"372":0,"373":0,"374":0,"375":0,"376":0,"377":0,"378":0,"379":0,"380":0,"381":0,"382":0,"383":0,"384":0,"385":0,"386":0,"387":0,"388":0,"389":0,"390":0,"391":0,"392":1,"393":0,"394":0,"395":0,"396":0,"397":0,"398":0,"399":0,"400":0,"401":0,"402":0,"403":0,"404":0,"405":0,"406":0,"407":0,"408":0,"409":0,"410":0,"411":0,"412":0,"413":0,"414":0,"415":0,"416":0,"417":0,"418":0,"419":0,"420":0,"421":0,"422":0,"423":0,"424":0,"425":0,"426":0,"427":0,"428":0,"429":0,"430":0,"431":0,"432":0,"433":0,"434":0,"435":0,"436":0,"437":0,"438":0,"439":0,"440":0,"441":0,"442":0,"443":0,"444":0,"445":0,"446":1,"447":1,"448":1,"449":1,"450":1,"451":1,"452":1,"453":1,"454":1,"455":1,"456":1,"457":1,"458":1,"459":1,"460":1},"b":{"1":[0,0],"2":[0,0],"3":[0,0],"4":[0,0],"5":[0,0],"6":[0,0],"7":[0,0],"8":[0,0],"9":[0,0],"10":[0,0],"11":[0,0],"12":[0,0],"13":[0,0],"14":[0,0],"15":[0,0],"16":[0,0],"17":[0,0],"18":[0,0],"19":[0,0,0],"20":[0,0],"21":[0,0],"22":[0,0],"23":[0,0],"24":[0,0],"25":[0,0],"26":[0,0],"27":[0,0],"28":[0,0],"29":[0,0],"30":[0,0],"31":[0,0],"32":[0,0],"33":[0,0],"34":[0,0],"35":[0,0],"36":[0,0],"37":[0,0],"38":[0,0],"39":[0,0],"40":[0,0],"41":[0,0],"42":[0,0],"43":[0,0],"44":[0,0],"45":[0,0],"46":[0,0],"47":[0,0],"48":[0,0],"49":[0,0],"50":[0,0],"51":[0,0],"52":[0,0],"53":[0,0],"54":[0,0],"55":[0,0],"56":[0,0],"57":[0,0],"58":[0,0],"59":[0,0],"60":[0,0],"61":[0,0],"62":[0,0],"63":[0,0],"64":[0,0],"65":[0,0],"66":[0,0],"67":[0,0],"68":[0,0],"69":[0,0],"70":[0,0],"71":[0,0],"72":[0,0],"73":[0,0],"74":[0,0],"75":[0,0],"76":[0,0],"77":[0,0],"78":[0,0],"79":[0,0],"80":[0,0],"81":[0,0],"82":[0,0],"83":[0,0],"84":[0,0],"85":[0,0],"86":[0,0],"87":[0,0],"88":[0,0],"89":[0,0],"90":[0,0],"91":[0,0],"92":[0,0],"93":[0,0],"94":[0,0],"95":[0,0,0,0,0,0],"96":[0,0],"97":[0,0],"98":[0,0,0,0,0,0,0],"99":[0,0],"100":[0,0],"101":[0,0],"102":[0,0,0,0,0,0,0],"103":[0,0],"104":[0,0],"105":[0,0],"106":[0,0],"107":[0,0],"108":[0,0],"109":[0,0],"110":[0,0],"111":[0,0],"112":[0,0],"113":[0,0],"114":[0,0],"115":[0,0],"116":[0,0],"117":[0,0],"118":[0,0],"119":[0,0],"120":[0,0],"121":[0,0],"122":[0,0],"123":[0,0],"124":[0,0],"125":[0,0],"126":[0,0],"127":[0,0],"128":[0,0],"129":[0,0],"130":[0,0],"131":[0,0],"132":[0,0],"133":[0,0],"134":[0,0],"135":[0,0],"136":[0,0],"137":[0,0],"138":[0,0],"139":[0,0],"140":[0,0],"141":[0,0],"142":[0,0],"143":[0,0],"144":[0,0],"145":[0,0],"146":[0,0],"147":[0,0],"148":[0,0],"149":[0,0],"150":[0,0],"151":[0,0]},"f":{"1":0,"2":0,"3":0,"4":0,"5":0,"6":0,"7":0,"8":0,"9":0,"10":0,"11":0,"12":0,"13":0,"14":0,"15":0,"16":0,"17":0,"18":0,"19":0,"20":0,"21":0,"22":0,"23":0,"24":0,"25":0,"26":0,"27":0,"28":0,"29":0,"30":0,"31":0,"32":0,"33":0,"34":0,"35":0,"36":0,"37":0,"38":0,"39":0,"40":0,"41":0,"42":0,"43":0,"44":0,"45":0,"46":0,"47":0,"48":0,"49":0,"50":0,"51":0,"52":0,"53":0,"54":0,"55":0,"56":0,"57":0,"58":0,"59":0,"60":0},"fnMap":{"1":{"name":"(anonymous_1)","line":43,"loc":{"start":{"line":43,"column":11},"end":{"line":43,"column":21}}},"2":{"name":"load","line":48,"loc":{"start":{"line":48,"column":0},"end":{"line":48,"column":20}}},"3":{"name":"addParam","line":53,"loc":{"start":{"line":53,"column":0},"end":{"line":53,"column":39}}},"4":{"name":"addParamIfDefined","line":57,"loc":{"start":{"line":57,"column":0},"end":{"line":57,"column":48}}},"5":{"name":"addParamArray","line":70,"loc":{"start":{"line":70,"column":0},"end":{"line":70,"column":52}}},"6":{"name":"addParamArraySet","line":92,"loc":{"start":{"line":92,"column":0},"end":{"line":92,"column":64}}},"7":{"name":"(anonymous_7)","line":102,"loc":{"start":{"line":102,"column":18},"end":{"line":102,"column":33}}},"8":{"name":"addParam2dArray","line":115,"loc":{"start":{"line":115,"column":0},"end":{"line":115,"column":55}}},"9":{"name":"(anonymous_9)","line":130,"loc":{"start":{"line":130,"column":18},"end":{"line":130,"column":35}}},"10":{"name":"(anonymous_10)","line":135,"loc":{"start":{"line":135,"column":20},"end":{"line":135,"column":35}}},"11":{"name":"addParam2dArraySet","line":146,"loc":{"start":{"line":146,"column":0},"end":{"line":146,"column":70}}},"12":{"name":"(anonymous_12)","line":156,"loc":{"start":{"line":156,"column":18},"end":{"line":156,"column":35}}},"13":{"name":"(anonymous_13)","line":161,"loc":{"start":{"line":161,"column":20},"end":{"line":161,"column":35}}},"14":{"name":"addParamArrayOfObjects","line":180,"loc":{"start":{"line":180,"column":0},"end":{"line":180,"column":61}}},"15":{"name":"(anonymous_15)","line":184,"loc":{"start":{"line":184,"column":18},"end":{"line":184,"column":35}}},"16":{"name":"(anonymous_16)","line":190,"loc":{"start":{"line":190,"column":20},"end":{"line":190,"column":41}}},"17":{"name":"addParamData","line":205,"loc":{"start":{"line":205,"column":0},"end":{"line":205,"column":50}}},"18":{"name":"(anonymous_18)","line":215,"loc":{"start":{"line":215,"column":21},"end":{"line":215,"column":40}}},"19":{"name":"(anonymous_19)","line":224,"loc":{"start":{"line":224,"column":21},"end":{"line":224,"column":42}}},"20":{"name":"addParamJson","line":232,"loc":{"start":{"line":232,"column":0},"end":{"line":232,"column":42}}},"21":{"name":"addFormIfDefined","line":238,"loc":{"start":{"line":238,"column":0},"end":{"line":238,"column":46}}},"22":{"name":"addJsonIfDefined","line":244,"loc":{"start":{"line":244,"column":0},"end":{"line":244,"column":45}}},"23":{"name":"setHeader","line":250,"loc":{"start":{"line":250,"column":0},"end":{"line":250,"column":40}}},"24":{"name":"setHeaderIfDefined","line":254,"loc":{"start":{"line":254,"column":0},"end":{"line":254,"column":49}}},"25":{"name":"stringifyQuery","line":261,"loc":{"start":{"line":261,"column":0},"end":{"line":261,"column":32}}},"26":{"name":"(anonymous_26)","line":265,"loc":{"start":{"line":265,"column":13},"end":{"line":265,"column":28}}},"27":{"name":"(anonymous_27)","line":294,"loc":{"start":{"line":294,"column":13},"end":{"line":294,"column":28}}},"28":{"name":"(anonymous_28)","line":311,"loc":{"start":{"line":311,"column":25},"end":{"line":311,"column":36}}},"29":{"name":"(anonymous_29)","line":315,"loc":{"start":{"line":315,"column":28},"end":{"line":315,"column":39}}},"30":{"name":"(anonymous_30)","line":322,"loc":{"start":{"line":322,"column":26},"end":{"line":322,"column":37}}},"31":{"name":"(anonymous_31)","line":328,"loc":{"start":{"line":328,"column":24},"end":{"line":328,"column":35}}},"32":{"name":"(anonymous_32)","line":332,"loc":{"start":{"line":332,"column":29},"end":{"line":332,"column":40}}},"33":{"name":"(anonymous_33)","line":334,"loc":{"start":{"line":334,"column":36},"end":{"line":334,"column":60}}},"34":{"name":"(anonymous_34)","line":336,"loc":{"start":{"line":336,"column":30},"end":{"line":336,"column":48}}},"35":{"name":"(anonymous_35)","line":340,"loc":{"start":{"line":340,"column":31},"end":{"line":340,"column":49}}},"36":{"name":"(anonymous_36)","line":344,"loc":{"start":{"line":344,"column":40},"end":{"line":344,"column":58}}},"37":{"name":"(anonymous_37)","line":349,"loc":{"start":{"line":349,"column":34},"end":{"line":349,"column":45}}},"38":{"name":"makeOperation","line":358,"loc":{"start":{"line":358,"column":0},"end":{"line":358,"column":34}}},"39":{"name":"(anonymous_39)","line":359,"loc":{"start":{"line":359,"column":11},"end":{"line":359,"column":42}}},"40":{"name":"decodeWwwFormUrlEncoded","line":387,"loc":{"start":{"line":387,"column":0},"end":{"line":387,"column":39}}},"41":{"name":"(anonymous_41)","line":390,"loc":{"start":{"line":390,"column":45},"end":{"line":390,"column":60}}},"42":{"name":"isStatusCodeOk","line":397,"loc":{"start":{"line":397,"column":0},"end":{"line":397,"column":46}}},"43":{"name":"(anonymous_43)","line":409,"loc":{"start":{"line":409,"column":24},"end":{"line":409,"column":66}}},"44":{"name":"(anonymous_44)","line":617,"loc":{"start":{"line":617,"column":34},"end":{"line":617,"column":49}}},"45":{"name":"(anonymous_45)","line":637,"loc":{"start":{"line":637,"column":23},"end":{"line":637,"column":39}}},"46":{"name":"(anonymous_46)","line":738,"loc":{"start":{"line":738,"column":27},"end":{"line":738,"column":46}}},"47":{"name":"(anonymous_47)","line":763,"loc":{"start":{"line":763,"column":50},"end":{"line":763,"column":71}}},"48":{"name":"(anonymous_48)","line":793,"loc":{"start":{"line":793,"column":36},"end":{"line":793,"column":55}}},"49":{"name":"(anonymous_49)","line":806,"loc":{"start":{"line":806,"column":36},"end":{"line":806,"column":55}}},"50":{"name":"(anonymous_50)","line":815,"loc":{"start":{"line":815,"column":39},"end":{"line":815,"column":51}}},"51":{"name":"(anonymous_51)","line":822,"loc":{"start":{"line":822,"column":39},"end":{"line":822,"column":54}}},"52":{"name":"(anonymous_52)","line":870,"loc":{"start":{"line":870,"column":52},"end":{"line":870,"column":73}}},"53":{"name":"(anonymous_53)","line":948,"loc":{"start":{"line":948,"column":27},"end":{"line":948,"column":55}}},"54":{"name":"(anonymous_54)","line":997,"loc":{"start":{"line":997,"column":37},"end":{"line":997,"column":51}}},"55":{"name":"(anonymous_55)","line":1010,"loc":{"start":{"line":1010,"column":23},"end":{"line":1010,"column":39}}},"56":{"name":"(anonymous_56)","line":1017,"loc":{"start":{"line":1017,"column":24},"end":{"line":1017,"column":38}}},"57":{"name":"(anonymous_57)","line":1022,"loc":{"start":{"line":1022,"column":22},"end":{"line":1022,"column":33}}},"58":{"name":"(anonymous_58)","line":1026,"loc":{"start":{"line":1026,"column":28},"end":{"line":1026,"column":43}}},"59":{"name":"(anonymous_59)","line":1036,"loc":{"start":{"line":1036,"column":20},"end":{"line":1036,"column":32}}},"60":{"name":"(anonymous_60)","line":1062,"loc":{"start":{"line":1062,"column":33},"end":{"line":1062,"column":47}}}},"statementMap":{"1":{"start":{"line":13,"column":0},"end":{"line":13,"column":41}},"2":{"start":{"line":14,"column":0},"end":{"line":14,"column":27}},"3":{"start":{"line":15,"column":0},"end":{"line":15,"column":29}},"4":{"start":{"line":18,"column":0},"end":{"line":18,"column":30}},"5":{"start":{"line":19,"column":0},"end":{"line":19,"column":31}},"6":{"start":{"line":22,"column":0},"end":{"line":22,"column":34}},"7":{"start":{"line":25,"column":0},"end":{"line":25,"column":62}},"8":{"start":{"line":30,"column":0},"end":{"line":30,"column":22}},"9":{"start":{"line":32,"column":0},"end":{"line":39,"column":3}},"10":{"start":{"line":41,"column":0},"end":{"line":41,"column":18}},"11":{"start":{"line":43,"column":0},"end":{"line":43,"column":24}},"12":{"start":{"line":48,"column":0},"end":{"line":51,"column":1}},"13":{"start":{"line":50,"column":4},"end":{"line":50,"column":32}},"14":{"start":{"line":53,"column":0},"end":{"line":55,"column":1}},"15":{"start":{"line":54,"column":4},"end":{"line":54,"column":52}},"16":{"start":{"line":57,"column":0},"end":{"line":61,"column":1}},"17":{"start":{"line":58,"column":4},"end":{"line":60,"column":5}},"18":{"start":{"line":59,"column":8},"end":{"line":59,"column":56}},"19":{"start":{"line":70,"column":0},"end":{"line":85,"column":1}},"20":{"start":{"line":71,"column":4},"end":{"line":71,"column":24}},"21":{"start":{"line":73,"column":4},"end":{"line":73,"column":60}},"22":{"start":{"line":76,"column":4},"end":{"line":79,"column":5}},"23":{"start":{"line":77,"column":8},"end":{"line":77,"column":64}},"24":{"start":{"line":78,"column":8},"end":{"line":78,"column":15}},"25":{"start":{"line":82,"column":4},"end":{"line":84,"column":5}},"26":{"start":{"line":83,"column":8},"end":{"line":83,"column":69}},"27":{"start":{"line":92,"column":0},"end":{"line":108,"column":1}},"28":{"start":{"line":93,"column":4},"end":{"line":93,"column":24}},"29":{"start":{"line":96,"column":4},"end":{"line":99,"column":5}},"30":{"start":{"line":97,"column":8},"end":{"line":97,"column":74}},"31":{"start":{"line":98,"column":8},"end":{"line":98,"column":15}},"32":{"start":{"line":102,"column":4},"end":{"line":107,"column":7}},"33":{"start":{"line":103,"column":8},"end":{"line":105,"column":9}},"34":{"start":{"line":104,"column":12},"end":{"line":104,"column":19}},"35":{"start":{"line":106,"column":8},"end":{"line":106,"column":82}},"36":{"start":{"line":115,"column":0},"end":{"line":139,"column":1}},"37":{"start":{"line":116,"column":4},"end":{"line":116,"column":24}},"38":{"start":{"line":118,"column":4},"end":{"line":121,"column":5}},"39":{"start":{"line":120,"column":8},"end":{"line":120,"column":15}},"40":{"start":{"line":124,"column":4},"end":{"line":127,"column":5}},"41":{"start":{"line":125,"column":8},"end":{"line":125,"column":81}},"42":{"start":{"line":126,"column":8},"end":{"line":126,"column":15}},"43":{"start":{"line":130,"column":4},"end":{"line":138,"column":7}},"44":{"start":{"line":131,"column":8},"end":{"line":133,"column":9}},"45":{"start":{"line":132,"column":12},"end":{"line":132,"column":19}},"46":{"start":{"line":135,"column":8},"end":{"line":137,"column":11}},"47":{"start":{"line":136,"column":12},"end":{"line":136,"column":100}},"48":{"start":{"line":146,"column":0},"end":{"line":165,"column":1}},"49":{"start":{"line":147,"column":4},"end":{"line":147,"column":24}},"50":{"start":{"line":150,"column":4},"end":{"line":153,"column":5}},"51":{"start":{"line":151,"column":8},"end":{"line":151,"column":95}},"52":{"start":{"line":152,"column":8},"end":{"line":152,"column":15}},"53":{"start":{"line":156,"column":4},"end":{"line":164,"column":7}},"54":{"start":{"line":157,"column":8},"end":{"line":159,"column":9}},"55":{"start":{"line":158,"column":12},"end":{"line":158,"column":19}},"56":{"start":{"line":161,"column":8},"end":{"line":163,"column":11}},"57":{"start":{"line":162,"column":12},"end":{"line":162,"column":119}},"58":{"start":{"line":180,"column":0},"end":{"line":194,"column":1}},"59":{"start":{"line":181,"column":4},"end":{"line":181,"column":40}},"60":{"start":{"line":184,"column":4},"end":{"line":193,"column":7}},"61":{"start":{"line":185,"column":8},"end":{"line":187,"column":9}},"62":{"start":{"line":186,"column":12},"end":{"line":186,"column":19}},"63":{"start":{"line":190,"column":8},"end":{"line":192,"column":11}},"64":{"start":{"line":191,"column":12},"end":{"line":191,"column":100}},"65":{"start":{"line":205,"column":0},"end":{"line":230,"column":1}},"66":{"start":{"line":206,"column":4},"end":{"line":206,"column":44}},"67":{"start":{"line":208,"column":4},"end":{"line":211,"column":5}},"68":{"start":{"line":209,"column":8},"end":{"line":209,"column":60}},"69":{"start":{"line":210,"column":8},"end":{"line":210,"column":15}},"70":{"start":{"line":213,"column":4},"end":{"line":220,"column":5}},"71":{"start":{"line":215,"column":8},"end":{"line":218,"column":11}},"72":{"start":{"line":217,"column":12},"end":{"line":217,"column":77}},"73":{"start":{"line":219,"column":8},"end":{"line":219,"column":15}},"74":{"start":{"line":222,"column":4},"end":{"line":229,"column":5}},"75":{"start":{"line":224,"column":8},"end":{"line":227,"column":11}},"76":{"start":{"line":226,"column":12},"end":{"line":226,"column":66}},"77":{"start":{"line":228,"column":8},"end":{"line":228,"column":15}},"78":{"start":{"line":232,"column":0},"end":{"line":236,"column":1}},"79":{"start":{"line":233,"column":4},"end":{"line":235,"column":5}},"80":{"start":{"line":234,"column":8},"end":{"line":234,"column":71}},"81":{"start":{"line":238,"column":0},"end":{"line":242,"column":1}},"82":{"start":{"line":239,"column":4},"end":{"line":241,"column":5}},"83":{"start":{"line":240,"column":8},"end":{"line":240,"column":55}},"84":{"start":{"line":244,"column":0},"end":{"line":248,"column":1}},"85":{"start":{"line":245,"column":4},"end":{"line":247,"column":5}},"86":{"start":{"line":246,"column":8},"end":{"line":246,"column":27}},"87":{"start":{"line":250,"column":0},"end":{"line":252,"column":1}},"88":{"start":{"line":251,"column":4},"end":{"line":251,"column":25}},"89":{"start":{"line":254,"column":0},"end":{"line":258,"column":1}},"90":{"start":{"line":255,"column":4},"end":{"line":257,"column":5}},"91":{"start":{"line":256,"column":8},"end":{"line":256,"column":29}},"92":{"start":{"line":261,"column":0},"end":{"line":276,"column":1}},"93":{"start":{"line":263,"column":4},"end":{"line":273,"column":5}},"94":{"start":{"line":266,"column":12},"end":{"line":269,"column":17}},"95":{"start":{"line":275,"column":4},"end":{"line":275,"column":17}},"96":{"start":{"line":294,"column":0},"end":{"line":309,"column":2}},"97":{"start":{"line":295,"column":4},"end":{"line":295,"column":20}},"98":{"start":{"line":296,"column":4},"end":{"line":296,"column":22}},"99":{"start":{"line":299,"column":4},"end":{"line":301,"column":5}},"100":{"start":{"line":300,"column":8},"end":{"line":300,"column":33}},"101":{"start":{"line":304,"column":4},"end":{"line":306,"column":5}},"102":{"start":{"line":305,"column":8},"end":{"line":305,"column":39}},"103":{"start":{"line":308,"column":4},"end":{"line":308,"column":16}},"104":{"start":{"line":311,"column":0},"end":{"line":313,"column":2}},"105":{"start":{"line":312,"column":4},"end":{"line":312,"column":23}},"106":{"start":{"line":315,"column":0},"end":{"line":320,"column":2}},"107":{"start":{"line":316,"column":4},"end":{"line":318,"column":5}},"108":{"start":{"line":317,"column":8},"end":{"line":317,"column":30}},"109":{"start":{"line":319,"column":4},"end":{"line":319,"column":19}},"110":{"start":{"line":322,"column":0},"end":{"line":324,"column":2}},"111":{"start":{"line":323,"column":4},"end":{"line":323,"column":17}},"112":{"start":{"line":328,"column":0},"end":{"line":330,"column":2}},"113":{"start":{"line":329,"column":4},"end":{"line":329,"column":15}},"114":{"start":{"line":332,"column":0},"end":{"line":332,"column":44}},"115":{"start":{"line":334,"column":0},"end":{"line":334,"column":64}},"116":{"start":{"line":336,"column":0},"end":{"line":338,"column":2}},"117":{"start":{"line":337,"column":4},"end":{"line":337,"column":15}},"118":{"start":{"line":340,"column":0},"end":{"line":342,"column":2}},"119":{"start":{"line":341,"column":4},"end":{"line":341,"column":18}},"120":{"start":{"line":344,"column":0},"end":{"line":347,"column":2}},"121":{"start":{"line":346,"column":4},"end":{"line":346,"column":21}},"122":{"start":{"line":349,"column":0},"end":{"line":352,"column":2}},"123":{"start":{"line":351,"column":4},"end":{"line":351,"column":16}},"124":{"start":{"line":358,"column":0},"end":{"line":385,"column":1}},"125":{"start":{"line":359,"column":4},"end":{"line":384,"column":6}},"126":{"start":{"line":360,"column":8},"end":{"line":360,"column":24}},"127":{"start":{"line":362,"column":8},"end":{"line":381,"column":9}},"128":{"start":{"line":364,"column":12},"end":{"line":364,"column":22}},"129":{"start":{"line":365,"column":12},"end":{"line":365,"column":22}},"130":{"start":{"line":366,"column":12},"end":{"line":366,"column":28}},"131":{"start":{"line":368,"column":13},"end":{"line":381,"column":9}},"132":{"start":{"line":370,"column":12},"end":{"line":370,"column":28}},"133":{"start":{"line":371,"column":12},"end":{"line":371,"column":22}},"134":{"start":{"line":372,"column":12},"end":{"line":372,"column":22}},"135":{"start":{"line":374,"column":13},"end":{"line":381,"column":9}},"136":{"start":{"line":376,"column":12},"end":{"line":376,"column":28}},"137":{"start":{"line":377,"column":12},"end":{"line":377,"column":22}},"138":{"start":{"line":379,"column":13},"end":{"line":381,"column":9}},"139":{"start":{"line":383,"column":8},"end":{"line":383,"column":51}},"140":{"start":{"line":387,"column":0},"end":{"line":395,"column":1}},"141":{"start":{"line":388,"column":4},"end":{"line":388,"column":18}},"142":{"start":{"line":390,"column":4},"end":{"line":393,"column":7}},"143":{"start":{"line":391,"column":8},"end":{"line":391,"column":41}},"144":{"start":{"line":392,"column":8},"end":{"line":392,"column":60}},"145":{"start":{"line":394,"column":4},"end":{"line":394,"column":16}},"146":{"start":{"line":397,"column":0},"end":{"line":407,"column":1}},"147":{"start":{"line":398,"column":4},"end":{"line":400,"column":5}},"148":{"start":{"line":399,"column":8},"end":{"line":399,"column":20}},"149":{"start":{"line":402,"column":4},"end":{"line":404,"column":5}},"150":{"start":{"line":403,"column":8},"end":{"line":403,"column":20}},"151":{"start":{"line":406,"column":4},"end":{"line":406,"column":17}},"152":{"start":{"line":409,"column":0},"end":{"line":936,"column":2}},"153":{"start":{"line":410,"column":4},"end":{"line":410,"column":20}},"154":{"start":{"line":412,"column":4},"end":{"line":412,"column":22}},"155":{"start":{"line":417,"column":4},"end":{"line":427,"column":5}},"156":{"start":{"line":418,"column":8},"end":{"line":426,"column":9}},"157":{"start":{"line":419,"column":12},"end":{"line":425,"column":13}},"158":{"start":{"line":420,"column":16},"end":{"line":420,"column":85}},"159":{"start":{"line":424,"column":16},"end":{"line":424,"column":52}},"160":{"start":{"line":430,"column":4},"end":{"line":438,"column":5}},"161":{"start":{"line":431,"column":8},"end":{"line":431,"column":39}},"162":{"start":{"line":434,"column":8},"end":{"line":437,"column":9}},"163":{"start":{"line":435,"column":12},"end":{"line":435,"column":81}},"164":{"start":{"line":436,"column":12},"end":{"line":436,"column":19}},"165":{"start":{"line":445,"column":4},"end":{"line":445,"column":21}},"166":{"start":{"line":452,"column":4},"end":{"line":452,"column":35}},"167":{"start":{"line":453,"column":4},"end":{"line":464,"column":5}},"168":{"start":{"line":454,"column":8},"end":{"line":463,"column":9}},"169":{"start":{"line":455,"column":12},"end":{"line":455,"column":46}},"170":{"start":{"line":457,"column":13},"end":{"line":463,"column":9}},"171":{"start":{"line":458,"column":12},"end":{"line":458,"column":77}},"172":{"start":{"line":462,"column":12},"end":{"line":462,"column":74}},"173":{"start":{"line":469,"column":4},"end":{"line":469,"column":39}},"174":{"start":{"line":470,"column":4},"end":{"line":481,"column":5}},"175":{"start":{"line":471,"column":8},"end":{"line":480,"column":9}},"176":{"start":{"line":472,"column":12},"end":{"line":472,"column":50}},"177":{"start":{"line":474,"column":13},"end":{"line":480,"column":9}},"178":{"start":{"line":475,"column":12},"end":{"line":475,"column":81}},"179":{"start":{"line":479,"column":12},"end":{"line":479,"column":78}},"180":{"start":{"line":486,"column":4},"end":{"line":502,"column":5}},"181":{"start":{"line":487,"column":6},"end":{"line":487,"column":44}},"182":{"start":{"line":489,"column":6},"end":{"line":489,"column":37}},"183":{"start":{"line":490,"column":6},"end":{"line":501,"column":7}},"184":{"start":{"line":491,"column":10},"end":{"line":500,"column":11}},"185":{"start":{"line":492,"column":14},"end":{"line":492,"column":75}},"186":{"start":{"line":494,"column":15},"end":{"line":500,"column":11}},"187":{"start":{"line":495,"column":14},"end":{"line":495,"column":44}},"188":{"start":{"line":499,"column":14},"end":{"line":499,"column":72}},"189":{"start":{"line":507,"column":4},"end":{"line":507,"column":31}},"190":{"start":{"line":508,"column":4},"end":{"line":519,"column":5}},"191":{"start":{"line":509,"column":8},"end":{"line":518,"column":9}},"192":{"start":{"line":510,"column":12},"end":{"line":510,"column":73}},"193":{"start":{"line":512,"column":13},"end":{"line":518,"column":9}},"194":{"start":{"line":513,"column":12},"end":{"line":513,"column":42}},"195":{"start":{"line":517,"column":12},"end":{"line":517,"column":70}},"196":{"start":{"line":524,"column":4},"end":{"line":524,"column":24}},"197":{"start":{"line":525,"column":4},"end":{"line":525,"column":25}},"198":{"start":{"line":526,"column":4},"end":{"line":526,"column":23}},"199":{"start":{"line":527,"column":4},"end":{"line":527,"column":22}},"200":{"start":{"line":528,"column":4},"end":{"line":597,"column":5}},"201":{"start":{"line":529,"column":8},"end":{"line":529,"column":39}},"202":{"start":{"line":530,"column":8},"end":{"line":530,"column":40}},"203":{"start":{"line":533,"column":8},"end":{"line":596,"column":9}},"204":{"start":{"line":534,"column":12},"end":{"line":534,"column":69}},"205":{"start":{"line":536,"column":13},"end":{"line":596,"column":9}},"206":{"start":{"line":538,"column":12},"end":{"line":538,"column":56}},"207":{"start":{"line":540,"column":13},"end":{"line":596,"column":9}},"208":{"start":{"line":541,"column":12},"end":{"line":541,"column":78}},"209":{"start":{"line":543,"column":13},"end":{"line":596,"column":9}},"210":{"start":{"line":544,"column":12},"end":{"line":544,"column":82}},"211":{"start":{"line":546,"column":13},"end":{"line":596,"column":9}},"212":{"start":{"line":547,"column":12},"end":{"line":547,"column":81}},"213":{"start":{"line":549,"column":13},"end":{"line":596,"column":9}},"214":{"start":{"line":550,"column":12},"end":{"line":550,"column":101}},"215":{"start":{"line":552,"column":13},"end":{"line":596,"column":9}},"216":{"start":{"line":553,"column":12},"end":{"line":553,"column":90}},"217":{"start":{"line":555,"column":13},"end":{"line":596,"column":9}},"218":{"start":{"line":556,"column":12},"end":{"line":556,"column":93}},"219":{"start":{"line":558,"column":13},"end":{"line":596,"column":9}},"220":{"start":{"line":559,"column":12},"end":{"line":559,"column":80}},"221":{"start":{"line":561,"column":13},"end":{"line":596,"column":9}},"222":{"start":{"line":562,"column":12},"end":{"line":562,"column":71}},"223":{"start":{"line":564,"column":13},"end":{"line":596,"column":9}},"224":{"start":{"line":565,"column":12},"end":{"line":567,"column":13}},"225":{"start":{"line":566,"column":16},"end":{"line":566,"column":99}},"226":{"start":{"line":569,"column":13},"end":{"line":596,"column":9}},"227":{"start":{"line":570,"column":12},"end":{"line":570,"column":67}},"228":{"start":{"line":572,"column":13},"end":{"line":596,"column":9}},"229":{"start":{"line":573,"column":12},"end":{"line":573,"column":77}},"230":{"start":{"line":575,"column":13},"end":{"line":596,"column":9}},"231":{"start":{"line":576,"column":12},"end":{"line":576,"column":92}},"232":{"start":{"line":578,"column":13},"end":{"line":596,"column":9}},"233":{"start":{"line":579,"column":12},"end":{"line":581,"column":13}},"234":{"start":{"line":580,"column":16},"end":{"line":580,"column":96}},"235":{"start":{"line":583,"column":13},"end":{"line":596,"column":9}},"236":{"start":{"line":584,"column":12},"end":{"line":584,"column":66}},"237":{"start":{"line":586,"column":13},"end":{"line":596,"column":9}},"238":{"start":{"line":588,"column":12},"end":{"line":588,"column":41}},"239":{"start":{"line":590,"column":13},"end":{"line":596,"column":9}},"240":{"start":{"line":595,"column":12},"end":{"line":595,"column":57}},"241":{"start":{"line":603,"column":4},"end":{"line":628,"column":5}},"242":{"start":{"line":604,"column":8},"end":{"line":627,"column":9}},"243":{"start":{"line":605,"column":12},"end":{"line":614,"column":13}},"244":{"start":{"line":606,"column":16},"end":{"line":606,"column":46}},"245":{"start":{"line":608,"column":17},"end":{"line":614,"column":13}},"246":{"start":{"line":609,"column":16},"end":{"line":609,"column":77}},"247":{"start":{"line":613,"column":16},"end":{"line":613,"column":74}},"248":{"start":{"line":615,"column":15},"end":{"line":627,"column":9}},"249":{"start":{"line":616,"column":12},"end":{"line":616,"column":31}},"250":{"start":{"line":617,"column":12},"end":{"line":619,"column":15}},"251":{"start":{"line":618,"column":16},"end":{"line":618,"column":62}},"252":{"start":{"line":620,"column":12},"end":{"line":620,"column":47}},"253":{"start":{"line":621,"column":12},"end":{"line":621,"column":82}},"254":{"start":{"line":623,"column":12},"end":{"line":623,"column":56}},"255":{"start":{"line":624,"column":12},"end":{"line":626,"column":13}},"256":{"start":{"line":625,"column":16},"end":{"line":625,"column":41}},"257":{"start":{"line":633,"column":4},"end":{"line":633,"column":58}},"258":{"start":{"line":634,"column":4},"end":{"line":636,"column
[...]
during the XML parsing';","                  result.Error   = err;","                  result.Body    = res.body.toString();","              }","              else {","                  if (data.Error && data.Error.Endpoint) {","                    redirectHost = data.Error.Endpoint;","                  }","              }","          });","          if (redirectHost !== '') {","            operation.redirectHost = redirectHost;","            self.send(operation, args, opts, callback);","            return;","          }","        }","        // save the whole result in here","        var result = {};","","        // (1) add the status code first","        result.StatusCode = res.statusCode;","","        // (2) add some headers into the result","        if ( extractHeaders ) {","            // this should be removed in favour of a regex option","            if ( extractHeaders === 'x-amz' ) {","                result.Headers = {};","                _.each(res.headers, function(val, hdr) {","                    if ( hdr.match(/^x-amz-/) ) {","                        // ToDo: it'd be nice if we convert things like:","                        // x-amz-request-id             -> RequestId","                        // x-amz-id-2                   -> Id2","                        // x-amz-server-side-encryption -> ServerSideEncryption","                        // x-amz-version-id             -> VersionId","                        result.Headers[hdr] = val;","                    }","                });","            }","            else if ( _.isRegExp(extractHeaders) ) {","                result.Headers = {};","                _.each(res.headers, function(val, hdr) {","                    if ( hdr.match(extractHeaders) ) {","                        result.Headers[hdr] = val;","                    }","                });","            }","            else if ( Array.isArray(extractHeaders) ) {","                // just return the headers that are in this list","                result.Headers = {};","                extractHeaders.forEach(function(v) {","                    result.Headers[v] = res.headers[v];","                });","            }","            else if ( _.isObject(extractHeaders) ) {","                // just return the headers that are in this list","                result.Headers = {};","                _.each(extractHeaders, function(v, k) {","                    result.Headers[k] = res.headers[k];","                });","            }","            else if ( _.isFunction(extractHeaders) ) {","                // this should return a hash of headers","                result.Headers = extractHeaders.apply(self, [ res ]);","            }","            else if ( extractHeaders === true ) {","                // extract _all_ headers","                result.Headers = res.headers;","            }","        } // else, don't extract any headers","","        // (3) streaming - if the user wants to stream, then we can't decode the body, so we'll just pass","        // the 'res' back to the user and call it done.","        if ( options.stream ) {","            result.Stream = res;","","            // if the status code is ok, then the request is fine, else it's an error","            if ( isStatusCodeOk(statusCode, res.statusCode) ) {","                return callback(null, result);","            }","            else {","                return callback(result);","            }","        }","","        // (4) we may extract the body differently depending on the status code","        //","        // It seems the following services can do this:","        //","        // * Amazon S3","        // * Amazon DynamoDB","        // * Amazon SWF","","        // see if this is not a valid statusCode","        if ( ! isStatusCodeOk(statusCode, res.statusCode) ) {","            extractBody = extractBodyWhenError;","        }","","        // (5) now extract the body","","        // create the result and parse various things into it","        if ( extractBody === 'xml' ) {","            // decode the returned XML","            var ok = true;","            // Note: parseString is synchronous (not async)","            parser.parseString(res.body.toString(), function (err, data) {","                if ( err ) {","                    result.Code    = 'AwsSum-ParseXml';","                    result.Message = 'Something went wrong during the XML parsing';","                    result.Error   = err;","                    result.Body    = res.body.toString();","                }","                else {","                    result.Body = data;","                }","            });","","            // see if the xml parsing worked","            if ( !result.Body ) {","                if ( options.writeStream ) {","                    options.writeStream.emit('error', result);","                    return;","                }","                callback(result, null);","                return;","            }","        }","        else if ( extractBody === 'json' ) {","            // get the JSON (should this be in a try/catch?)","            result.Body = JSON.parse(res.body.toString());","        }","        else if ( extractBody === 'blob' ) {","            // just return the body","            result.Body = res.body;","        }","        else if ( extractBody === 'application/x-www-form-urlencoded' ) {","            // decode the body and return it","            result.Body = decodeWwwFormUrlEncoded(res.body);","        }","        else if ( extractBody === 'none' ) {","            // no body, so just set a blank one","            result.Body = '';","        }","        else if ( extractBody === 'string' ) {","            // convert the body to a string","            result.Body = res.body.toString();","        }","        else if ( typeof extractBody === 'function' ) {","            result.Body = extractBody.apply(self, [ res ]);","        }","        else {","            // shouldn't ever be here since extractBody is checked above","            throw new Error(\"Program Error: Shouldn't ever be here\");","        }","","        // now we're ready to finally call the callback!!! :D","        if ( ! isStatusCodeOk(statusCode, res.statusCode) ) {","            // this was an error","            // console.log('CALLBACK: failed due to incorrect statusCode');","            if ( options.writeStream ) {","                options.writeStream.emit('error', result);","                return;","            }","            callback(result, null);","            return;","        }","","        // everything so far looks fine, callback with the result","        // console.log('CALLBACK: success');","        callback(null, result);","    });","};","","// just takes the standard options and calls back with the result (or error)","//","// * options.method","// * options.host","// * options.path","// * options.params","// * options.headers","// * options.forms","// * options.json","// * options.body","AwsSum.prototype.request = function(options, callback) {","    var self = this;","","    // check here that we have everything","","    // since this can be called on both close and end, just do it once","    callback = _.once(callback);","","    var reqOptions = {","        method  : options.method,","        host    : options.host,","        path    : options.path,","        headers : options.headers","    };","","    // if we have a port, then put that onto the request (can make local testing easier with a local server)","    if ( options.port ) {","        reqOptions.port = options.port;","    }","","    // if we have any params, put them onto the path","    if ( options.params && options.params.length ) {","        reqOptions.path += '?' + stringifyQuery( options.params );","    }","","    // if we have any JSON fields, stick it in the body","    if ( options.json && options.json.length ) {","        options.body = JSON.stringify(options.json);","    }","","    // if the user has explicitly set for no agent","    if ( self.agent() === false ) {","        reqOptions.agent = false;","    }","    else if ( self.agent() !== undefined ) {","        // else, they have specifically set one","        reqOptions.agent = self.agent();","    }","    else {","        // no agent, use the default one","    }","","    if ( debug ) {","        console.log('awssum.js:request(): reqOptions = ', reqOptions);","        console.log('awssum.js:request(): body       = ', options.body);","    }","","    // do the request","    var requestFn = options.protocol === 'https' ? https.request : http.request;","    var req = requestFn( reqOptions, function(res) {","        // if we want to stream, just callback now","        if ( options.stream ) {","            // call back now","            return callback(null, res);","        }","","        // EVERYTHING from here on is because the user isn't streaming, we're doing our standard decode (as applicable)","","        // save all of these buffers, but only if there is no writeStream","        var buffers = [];","        var length = 0;","","        res.on('data', function(chunk) {","            // store the buffer and sum the lengths","            buffers.push(chunk);","            length += chunk.length;","        });","","        // if the connection terminates before end is emitted, it's an error","        res.on('close', function(err) {","            callback(err, null);","        });","","        // when we get our full response back, it's all good!","        res.on('end', function() {","            // process the complete body into res.body","            res.body = new Buffer(length);","            var offset = 0;","            buffers.forEach(function(v, i) {","                v.copy(res.body, offset);","                offset += v.length;","            });","            callback(null, res);","        });","    });","","    // ---","    // catch things like \"Error: getaddrinfo ENOENT\"","    req.on('error', function(e) {","        if ( debug ) {","            console.log('awssum.js:request(): request error = ', e);","        }","        callback(e);","    });","","    // ---","","    // finally, if there is no body, just end the request","    if ( _.isUndefined(options.body) ) {","        req.end();","        return;","    }","","    // if it's a string, send it and end it","    if ( typeof options.body === 'string' || options.body instanceof Buffer) {","        req.write(options.body);","        req.end();","        return;","    }","","    // it must be a stream, but check it anyway","    if( typeof options.body.pipe === \"function\" && options.body.readable ) {","        // if the body is a readableStream, pipe it. (pipe automatically ends the request)","        options.body.pipe(req);","        options.body.on('error', function(err) {","            callback(err, null);","            req.end(); // todo: determine if this is necessary","        });","        return;","    }","","    // if we're still here, it's presumably an empty body so just end the request as if ok!","    req.end();","    return;","};","","// --------------------------------------------------------------------------------------------------------------------","// exports","","// utilities for AwsSum plugins to use when ","exports.load                   = load;","exports.esc                    = esc;","exports.addParam               = addParam;","exports.addParamIfDefined      = addParamIfDefined;","exports.addParamArray          = addParamArray;","exports.addParamArraySet       = addParamArraySet;","exports.addParam2dArray        = addParam2dArray;","exports.addParam2dArraySet     = addParam2dArraySet;","exports.addParamArrayOfObjects = addParamArrayOfObjects;","exports.addParamData           = addParamData;","exports.setHeader              = setHeader;","exports.setHeaderIfDefined     = setHeaderIfDefined;","exports.stringifyQuery         = stringifyQuery;","","// these are","exports.makeOperation          = makeOperation;","","// ... and export AwsSum so other modules can inherit from it","exports.AwsSum                 = AwsSum;","","// --------------------------------------------------------------------------------------------------------------------",""],"l":{"13":1,"14":1,"15":1,"18":1,"19":1,"22":1,"25":1,"30":1,"32":1,"41":1,"43":1,"48":1,"50":0,"53":1,"54":0,"57":1,"58":0,"59":0,"70":1,"71":0,"73":0,"76":0,"77":0,"78":0,"82":0,"83":0,"92":1,"93":0,"96":0,"97":0,"98":0,"102":0,"103":0,"104":0,"106":0,"115":1,"116":0,"118":0,"120":0,"124":0,"125":0,"126":0,"130":0,"131":0,"132":0,"135":0,"136":0,"146":1,"147":0,"150":0,"151":0,"152":0,"156":0,"157":0,"158":0,"161":0,"162":0,"180":1,"181":0,"184":0,"185":0,"186":0,"190":0,"191":0,"205":1,"206":0,"208":0,"209":0,"210":0,"213":0,"215":0,"217":0,"219":0,"222":0,"224":0,"226":0,"228":0,"232":1,"233":0,"234":0,"238":1,"239":0,"240":0,"244":1,"245":0,"246":0,"250":1,"251":0,"254":1,"255":0,"256":0,"261":1,"263":0,"266":0,"275":0,"294":1,"295":0,"296":0,"299":0,"300":0,"304":0,"305":0,"308":0,"311":1,"312":0,"315":1,"316":0,"317":0,"319":0,"322":1,"323":0,"328":1,"329":0,"332":1,"334":1,"336":1,"337":0,"340":1,"341":0,"344":1,"346":0,"349":1,"351":0,"358":1,"359":0,"360":0,"362":0,"364":0,"365":0,"366":0,"368":0,"370":0,"371":0,"372":0,"374":0,"376":0,"377":0,"379":0,"383":0,"387":1,"388":0,"390":0,"391":0,"392":0,"394":0,"397":1,"398":0,"399":0,"402":0,"403":0,"406":0,"409":1,"410":0,"412":0,"417":0,"418":0,"419":0,"420":0,"424":0,"430":0,"431":0,"434":0,"435":0,"436":0,"445":0,"452":0,"453":0,"454":0,"455":0,"457":0,"458":0,"462":0,"469":0,"470":0,"471":0,"472":0,"474":0,"475":0,"479":0,"486":0,"487":0,"489":0,"490":0,"491":0,"492":0,"494":0,"495":0,"499":0,"507":0,"508":0,"509":0,"510":0,"512":0,"513":0,"517":0,"524":0,"525":0,"526":0,"527":0,"528":0,"529":0,"530":0,"533":0,"534":0,"536":0,"538":0,"540":0,"541":0,"543":0,"544":0,"546":0,"547":0,"549":0,"550":0,"552":0,"553":0,"555":0,"556":0,"558":0,"559":0,"561":0,"562":0,"564":0,"565":0,"566":0,"569":0,"570":0,"572":0,"573":0,"575":0,"576":0,"578":0,"579":0,"580":0,"583":0,"584":0,"586":0,"588":0,"590":0,"595":0,"603":0,"604":0,"605":0,"606":0,"608":0,"609":0,"613":0,"615":0,"616":0,"617":0,"618":0,"620":0,"621":0,"623":0,"624":0,"625":0,"633":0,"634":0,"635":0,"637":0,"638":0,"639":0,"643":0,"648":0,"655":0,"657":0,"659":0,"663":0,"664":0,"674":0,"678":0,"679":0,"687":0,"691":0,"692":0,"694":0,"696":0,"704":0,"709":0,"710":0,"714":0,"718":0,"719":0,"720":0,"721":0,"722":0,"723":0,"724":0,"725":0,"726":0,"727":0,"728":0,"729":0,"730":0,"731":0,"732":0,"733":0,"734":0,"738":0,"740":0,"741":0,"747":0,"749":0,"752":0,"753":0,"754":0,"755":0,"756":0,"757":0,"758":0,"761":0,"762":0,"763":0,"764":0,"765":0,"766":0,"767":0,"768":0,"771":0,"772":0,"776":0,"777":0,"778":0,"779":0,"783":0,"786":0,"789":0,"791":0,"792":0,"793":0,"794":0,"800":0,"804":0,"805":0,"806":0,"807":0,"808":0,"812":0,"814":0,"815":0,"816":0,"819":0,"821":0,"822":0,"823":0,"826":0,"828":0,"830":0,"832":0,"838":0,"839":0,"842":0,"843":0,"846":0,"859":0,"860":0,"866":0,"868":0,"870":0,"871":0,"872":0,"873":0,"874":0,"875":0,"878":0,"883":0,"884":0,"885":0,"886":0,"888":0,"889":0,"892":0,"894":0,"896":0,"898":0,"900":0,"902":0,"904":0,"906":0,"908":0,"910":0,"912":0,"913":0,"917":0,"921":0,"924":0,"925":0,"926":0,"928":0,"929":0,"934":0,"948":1,"949":0,"954":0,"956":0,"964":0,"965":0,"969":0,"970":0,"974":0,"975":0,"979":0,"980":0,"982":0,"984":0,"990":0,"991":0,"992":0,"996":0,"997":0,"999":0,"1001":0,"1007":0,"1008":0,"1010":0,"1012":0,"1013":0,"1017":0,"1018":0,"1022":0,"1024":0,"1025":0,"1026":0,"1027":0,"1028":0,"1030":0,"1036":0,"1037":0,"1038":0,"1040":0,"1046":0,"1047":0,"1048":0,"1052":0,"1053":0,"1054":0,"1055":0,"1059":0,"1061":0,"1062":0,"1063":0,"1064":0,"1066":0,"1070":0,"1071":0,"1078":1,"1079":1,"1080":1,"1081":1,"1082":1,"1083":1,"1084":1,"1085":1,"1086":1,"1087":1,"1088":1,"1089":1,"1090":1,"1093":1,"1096":1}},"/home/travis/build/npmtest/node-npmtest-awssum/node_modules/awssum/lib/esc.js":{"path":"/home/travis/build/npmtest/node-npmtest-awssum/node_modules/awssum/lib/esc.js","s":{"1":1,"2":1,"3":1,"4":256,"5":1,"6":1,"7":0,"8":0,"9":0,"10":0,"11":0,"12":0,"13":0,"14":0,"15":1},"b":{"1":[0,0]},"f":{"1":0},"fnMap":{"1":{"name":"esc","line":33,"loc":{"start":{"line":33,"column":0},"end":{"line":33,"column":18}}}},"statementMap":{"1":{"start":{"line":5,"column":0},"end":{"line":5,"column":35}},"2":{"start":{"line":6,"column":0},"end":{"line":6,"column":16}},"3":{"start":{"line":7,"column":0},"end":{"line":9,"column":1}},"4":{"start":{"line":8,"column":4},"end":{"line":8,"column":68}},"5":{"start":{"line":10,"column":0},"end":{"line":10,"column":35}},"6":{"start":{"line":33,"column":0},"end":{"line":54,"column":1}},"7":{"start":{"line":35,"column":4},"end":{"line":35,"column":34}},"8":{"start":{"line":38,"column":4},"end":{"line":38,"column":19}},"9":{"start":{"line":41,"column":4},"end":{"line":41,"column":20}},"10":{"start":{"line":42,"column":4},"end":{"line":49,"column":5}},"11":{"start":{"line":43,"column":8},"end":{"line":48,"column":9}},"12":{"start":{"line":44,"column":12},"end":{"line":44,"column":34}},"13":{"start":{"line":47,"column":12},"end":{"line":47,"column":59}},"14":{"start":{"line":53,"column":4},"end":{"line":53,"column":27}},"15":{"start":{"line":56,"column":0},"end":{"line":56,"column":21}}},"branchMap":{"1":{"line":43,"type":"if","locations":[{"start":{"line":43,"column":8},"end":{"line":43,"column":8}},{"start":{"line":43,"column":8},"end":{"line":43,"column":8}}]}},"code":["// set up the hex digits and a hexMap[0..255] = ( '00', '01', ...,  'FF' )","","/*jshint bitwise:false*/","","var hexDigits = '0123456789ABCDEF';","var hexMap = [];","for ( var i = 0; i < 256; i++ ) {","    hexMap[i] = hexDigits.charAt(i >> 4) + hexDigits.charAt(i & 15);","}","var doNotEsc = /[A-Za-z0-9_.~\\-%]/;","","// Our own version of URI escape/encode, from http://oauth.net/core/1.0a/#encoding_parameters","","// # NOTE #","//","// From: http://docs.amazonwebservices.com/general/latest/gr/sigv4-create-canonical-request.html","//","// * Do not URL-encode any of the unreserved characters that RFC 3986 defines: A-Z, a-z, 0-9,","//   hyphen ( - ), underscore ( _ ), period ( . ), and tilde ( ~ ).","// * Percent-encode all other characters with %XY, where X and Y are hexadecimal characters (0-9 and uppercase A-F).","// * Percent-encode extended UTF-8 characters in the form %XY%ZA....","// * Percent-encode the space character as %20 (and not '+', as some encoding schemes do).","//","// So what we do is a two pronged approach. Firstly, we use encodeURIComponent(str). This converts most characters into","// their %xx equivalents. This IMPORTANTLY includes any unicode characters. It also means that the string returned now","// only contains ASCII characters.","//","// However, at this point characters like '!' are not yet encoded and from the list above from Amazon, we see that they","// do need to be encoded. So we then loop though the rest of the chars looking for these and encode them manually.","//","// Finaly note -> when doing this, we also skip over '%' since that shouldn't be double encoded.","","function esc(str) {","    // firstly, use encodeURIComponent(str) to convert all the unicode and most other characters","    str = encodeURIComponent(str);","","    // force a string (since some things might just be a number, e.g. 2)","    str = '' + str;","","    // loop through all chars in str","    var result = [];","    for ( var i = 0; i < str.length; i++ ) {","        if ( str[i].match( doNotEsc ) ) {","            result.push( str[i] );","        }","        else {","            result.push( '%' + hexMap[str.charCodeAt(i)] );","        }","    }","","    // console.log('        ->', result.join(''));","","    return result.join('');","}","","module.exports = esc;",""],"l":{"5":1,"6":1,"7":1,"8":256,"10":1,"33":1,"35":0,"38":0,"41":0,"42":0,"43":0,"44":0,"47":0,"53":0,"56":1}}}